{"/home/travis/build/npmtest/node-npmtest-ejs/test.js":{"path":"/home/travis/build/npmtest/node-npmtest-ejs/test.js","s":{"1":2,"2":2,"3":2,"4":2,"5":2,"6":2,"7":2,"8":1,"9":2,"10":2,"11":1,"12":1,"13":1,"14":1,"15":2,"16":2,"17":2,"18":2,"19":1,"20":1,"21":2,"22":2,"23":2,"24":1,"25":1,"26":1,"27":1,"28":1,"29":1,"30":1,"31":1,"32":1,"33":1,"34":1,"35":1,"36":1,"37":2,"38":2,"39":1,"40":2,"41":2,"42":1,"43":2,"44":2,"45":1,"46":2,"47":2,"48":1,"49":1,"50":1,"51":1,"52":1},"b":{"1":[2,1,1,1],"2":[1,1,1,1],"3":[1,1],"4":[1,1],"5":[1,1],"6":[1,1],"7":[1,1],"8":[1,1],"9":[1,1,1],"10":[1,1],"11":[1,1],"12":[1,1],"13":[1,1],"14":[1,1],"15":[1,1],"16":[1,1]},"f":{"1":2,"2":2,"3":2,"4":2,"5":2,"6":1,"7":1,"8":2,"9":2,"10":2,"11":2,"12":1},"fnMap":{"1":{"name":"(anonymous_1)","line":12,"loc":{"start":{"line":12,"column":1},"end":{"line":12,"column":13}}},"2":{"name":"(anonymous_2)","line":19,"loc":{"start":{"line":19,"column":5},"end":{"line":19,"column":17}}},"3":{"name":"(anonymous_3)","line":23,"loc":{"start":{"line":23,"column":24},"end":{"line":23,"column":36}}},"4":{"name":"(anonymous_4)","line":61,"loc":{"start":{"line":61,"column":5},"end":{"line":61,"column":17}}},"5":{"name":"(anonymous_5)","line":82,"loc":{"start":{"line":82,"column":5},"end":{"line":82,"column":17}}},"6":{"name":"(anonymous_6)","line":102,"loc":{"start":{"line":102,"column":83},"end":{"line":105,"column":10}},"skip":true},"7":{"name":"(anonymous_7)","line":113,"loc":{"start":{"line":113,"column":77},"end":{"line":116,"column":10}},"skip":true},"8":{"name":"(anonymous_8)","line":129,"loc":{"start":{"line":129,"column":12},"end":{"line":129,"column":40}},"skip":true},"9":{"name":"(anonymous_9)","line":137,"loc":{"start":{"line":137,"column":77},"end":{"line":140,"column":10}},"skip":true},"10":{"name":"(anonymous_10)","line":148,"loc":{"start":{"line":148,"column":83},"end":{"line":151,"column":10}},"skip":true},"11":{"name":"(anonymous_11)","line":159,"loc":{"start":{"line":159,"column":79},"end":{"line":162,"column":10}},"skip":true},"12":{"name":"(anonymous_12)","line":170,"loc":{"start":{"line":170,"column":75},"end":{"line":173,"column":10}},"skip":true}},"statementMap":{"1":{"start":{"line":12,"column":0},"end":{"line":185,"column":5}},"2":{"start":{"line":14,"column":4},"end":{"line":14,"column":14}},"3":{"start":{"line":19,"column":4},"end":{"line":56,"column":9}},"4":{"start":{"line":21,"column":8},"end":{"line":21,"column":19}},"5":{"start":{"line":23,"column":8},"end":{"line":35,"column":13}},"6":{"start":{"line":24,"column":12},"end":{"line":34,"column":13}},"7":{"start":{"line":25,"column":16},"end":{"line":28,"column":30}},"8":{"start":{"line":30,"column":16},"end":{"line":33,"column":27}},"9":{"start":{"line":37,"column":8},"end":{"line":39,"column":21}},"10":{"start":{"line":40,"column":8},"end":{"line":53,"column":9}},"11":{"start":{"line":43,"column":12},"end":{"line":46,"column":14}},"12":{"start":{"line":47,"column":12},"end":{"line":47,"column":18}},"13":{"start":{"line":50,"column":12},"end":{"line":51,"column":46}},"14":{"start":{"line":52,"column":12},"end":{"line":52,"column":18}},"15":{"start":{"line":55,"column":8},"end":{"line":55,"column":35}},"16":{"start":{"line":61,"column":4},"end":{"line":63,"column":9}},"17":{"start":{"line":62,"column":8},"end":{"line":62,"column":15}},"18":{"start":{"line":64,"column":4},"end":{"line":77,"column":5}},"19":{"start":{"line":70,"column":8},"end":{"line":70,"column":14}},"20":{"start":{"line":76,"column":8},"end":{"line":76,"column":14}},"21":{"start":{"line":82,"column":4},"end":{"line":84,"column":9}},"22":{"start":{"line":83,"column":8},"end":{"line":83,"column":15}},"23":{"start":{"line":85,"column":4},"end":{"line":184,"column":5}},"24":{"start":{"line":92,"column":8},"end":{"line":94,"column":63}},"25":{"start":{"line":95,"column":8},"end":{"line":95,"column":14}},"26":{"start":{"line":102,"column":8},"end":{"line":111,"column":10},"skip":true},"27":{"start":{"line":109,"column":12},"end":{"line":109,"column":55},"skip":true},"28":{"start":{"line":110,"column":12},"end":{"line":110,"column":48},"skip":true},"29":{"start":{"line":113,"column":8},"end":{"line":126,"column":10},"skip":true},"30":{"start":{"line":120,"column":12},"end":{"line":120,"column":76},"skip":true},"31":{"start":{"line":121,"column":12},"end":{"line":121,"column":73},"skip":true},"32":{"start":{"line":122,"column":12},"end":{"line":122,"column":74},"skip":true},"33":{"start":{"line":123,"column":12},"end":{"line":123,"column":79},"skip":true},"34":{"start":{"line":124,"column":12},"end":{"line":124,"column":25},"skip":true},"35":{"start":{"line":125,"column":12},"end":{"line":125,"column":45},"skip":true},"36":{"start":{"line":128,"column":8},"end":{"line":135,"column":14},"skip":true},"37":{"start":{"line":133,"column":16},"end":{"line":133,"column":29},"skip":true},"38":{"start":{"line":134,"column":16},"end":{"line":134,"column":55},"skip":true},"39":{"start":{"line":137,"column":8},"end":{"line":146,"column":10},"skip":true},"40":{"start":{"line":144,"column":12},"end":{"line":144,"column":25},"skip":true},"41":{"start":{"line":145,"column":12},"end":{"line":145,"column":45},"skip":true},"42":{"start":{"line":148,"column":8},"end":{"line":157,"column":10},"skip":true},"43":{"start":{"line":155,"column":12},"end":{"line":155,"column":25},"skip":true},"44":{"start":{"line":156,"column":12},"end":{"line":156,"column":48},"skip":true},"45":{"start":{"line":159,"column":8},"end":{"line":168,"column":10},"skip":true},"46":{"start":{"line":166,"column":12},"end":{"line":166,"column":25},"skip":true},"47":{"start":{"line":167,"column":12},"end":{"line":167,"column":46},"skip":true},"48":{"start":{"line":170,"column":8},"end":{"line":179,"column":10},"skip":true},"49":{"start":{"line":177,"column":12},"end":{"line":177,"column":94},"skip":true},"50":{"start":{"line":178,"column":12},"end":{"line":178,"column":48},"skip":true},"51":{"start":{"line":182,"column":8},"end":{"line":182,"column":35},"skip":true},"52":{"start":{"line":183,"column":8},"end":{"line":183,"column":14},"skip":true}},"branchMap":{"1":{"line":25,"type":"binary-expr","locations":[{"start":{"line":25,"column":23},"end":{"line":25,"column":62}},{"start":{"line":26,"column":20},"end":{"line":26,"column":70}},{"start":{"line":27,"column":20},"end":{"line":27,"column":71}},{"start":{"line":28,"column":20},"end":{"line":28,"column":29}}]},"2":{"line":30,"type":"binary-expr","locations":[{"start":{"line":30,"column":23},"end":{"line":30,"column":37}},{"start":{"line":31,"column":20},"end":{"line":31,"column":61}},{"start":{"line":32,"column":20},"end":{"line":32,"column":70}},{"start":{"line":33,"column":20},"end":{"line":33,"column":26}}]},"3":{"line":37,"type":"cond-expr","locations":[{"start":{"line":38,"column":14},"end":{"line":38,"column":20}},{"start":{"line":39,"column":14},"end":{"line":39,"column":20}}]},"4":{"line":40,"type":"switch","locations":[{"start":{"line":42,"column":8},"end":{"line":47,"column":18}},{"start":{"line":49,"column":8},"end":{"line":52,"column":18}}]},"5":{"line":44,"type":"binary-expr","locations":[{"start":{"line":44,"column":16},"end":{"line":44,"column":44}},{"start":{"line":44,"column":48},"end":{"line":44,"column":66}}]},"6":{"line":50,"type":"binary-expr","locations":[{"start":{"line":50,"column":21},"end":{"line":50,"column":49}},{"start":{"line":50,"column":53},"end":{"line":50,"column":72}}]},"7":{"line":64,"type":"switch","locations":[{"start":{"line":69,"column":4},"end":{"line":70,"column":14}},{"start":{"line":75,"column":4},"end":{"line":76,"column":14}}]},"8":{"line":85,"type":"switch","locations":[{"start":{"line":90,"column":4},"end":{"line":95,"column":14}},{"start":{"line":101,"column":4},"end":{"line":183,"column":14},"skip":true}]},"9":{"line":92,"type":"binary-expr","locations":[{"start":{"line":92,"column":18},"end":{"line":92,"column":32}},{"start":{"line":93,"column":12},"end":{"line":93,"column":53}},{"start":{"line":94,"column":12},"end":{"line":94,"column":61}}]},"10":{"line":102,"type":"binary-expr","locations":[{"start":{"line":102,"column":45},"end":{"line":102,"column":79},"skip":true},{"start":{"line":102,"column":83},"end":{"line":111,"column":9},"skip":true}]},"11":{"line":113,"type":"binary-expr","locations":[{"start":{"line":113,"column":42},"end":{"line":113,"column":73},"skip":true},{"start":{"line":113,"column":77},"end":{"line":126,"column":9},"skip":true}]},"12":{"line":128,"type":"binary-expr","locations":[{"start":{"line":128,"column":48},"end":{"line":128,"column":85},"skip":true},{"start":{"line":129,"column":12},"end":{"line":135,"column":13},"skip":true}]},"13":{"line":137,"type":"binary-expr","locations":[{"start":{"line":137,"column":42},"end":{"line":137,"column":73},"skip":true},{"start":{"line":137,"column":77},"end":{"line":146,"column":9},"skip":true}]},"14":{"line":148,"type":"binary-expr","locations":[{"start":{"line":148,"column":45},"end":{"line":148,"column":79},"skip":true},{"start":{"line":148,"column":83},"end":{"line":157,"column":9},"skip":true}]},"15":{"line":159,"type":"binary-expr","locations":[{"start":{"line":159,"column":43},"end":{"line":159,"column":75},"skip":true},{"start":{"line":159,"column":79},"end":{"line":168,"column":9},"skip":true}]},"16":{"line":170,"type":"binary-expr","locations":[{"start":{"line":170,"column":41},"end":{"line":170,"column":71},"skip":true},{"start":{"line":170,"column":75},"end":{"line":179,"column":9},"skip":true}]}},"code":["/* istanbul instrument in package npmtest_ejs */","/*jslint","    bitwise: true,","    browser: true,","    maxerr: 8,","    maxlen: 96,","    node: true,","    nomen: true,","    regexp: true,","    stupid: true","*/","(function () {","    'use strict';","    var local;","","","","    // run shared js-env code - pre-init","    (function () {","        // init local","        local = {};","        // init modeJs","        local.modeJs = (function () {","            try {","                return typeof navigator.userAgent === 'string' &&","                    typeof document.querySelector('body') === 'object' &&","                    typeof XMLHttpRequest.prototype.open === 'function' &&","                    'browser';","            } catch (errorCaughtBrowser) {","                return module.exports &&","                    typeof process.versions.node === 'string' &&","                    typeof require('http').createServer === 'function' &&","                    'node';","            }","        }());","        // init global","        local.global = local.modeJs === 'browser'","            ? window","            : global;","        switch (local.modeJs) {","        // re-init local from window.local","        case 'browser':","            local = local.global.utility2.objectSetDefault(","                local.global.utility2_rollup || local.global.local,","                local.global.utility2","            );","            break;","        // re-init local from example.js","        case 'node':","            local = (local.global.utility2_rollup || require('utility2'))","                .requireExampleJsFromReadme();","            break;","        }","        // export local","        local.global.local = local;","    }());","","","","    // run shared js-env code - function","    (function () {","        return;","    }());","    switch (local.modeJs) {","","","","    // run browser js-env code - function","    case 'browser':","        break;","","","","    // run node js-env code - function","    case 'node':","        break;","    }","","","","    // run shared js-env code - post-init","    (function () {","        return;","    }());","    switch (local.modeJs) {","","","","    // run browser js-env code - post-init","    case 'browser':","        // run tests","        local.nop(local.modeTest &&","            document.querySelector('#testRunButton1') &&","            document.querySelector('#testRunButton1').click());","        break;","","","","    // run node js-env code - post-init","    /* istanbul ignore next */","    case 'node':","        local.testCase_buildApidoc_default = local.testCase_buildApidoc_default || function (","            options,","            onError","        ) {","        /*","         * this function will test buildApidoc's default handling-behavior-behavior","         */","            options = { modulePathList: module.paths };","            local.buildApidoc(options, onError);","        };","","        local.testCase_buildApp_default = local.testCase_buildApp_default || function (","            options,","            onError","        ) {","        /*","         * this function will test buildApp's default handling-behavior-behavior","         */","            local.testCase_buildReadme_default(options, local.onErrorThrow);","            local.testCase_buildLib_default(options, local.onErrorThrow);","            local.testCase_buildTest_default(options, local.onErrorThrow);","            local.testCase_buildCustomOrg_default(options, local.onErrorThrow);","            options = [];","            local.buildApp(options, onError);","        };","","        local.testCase_buildCustomOrg_default = local.testCase_buildCustomOrg_default ||","            function (options, onError) {","            /*","             * this function will test buildCustomOrg's default handling-behavior","             */","                options = {};","                local.buildCustomOrg(options, onError);","            };","","        local.testCase_buildLib_default = local.testCase_buildLib_default || function (","            options,","            onError","        ) {","        /*","         * this function will test buildLib's default handling-behavior","         */","            options = {};","            local.buildLib(options, onError);","        };","","        local.testCase_buildReadme_default = local.testCase_buildReadme_default || function (","            options,","            onError","        ) {","        /*","         * this function will test buildReadme's default handling-behavior-behavior","         */","            options = {};","            local.buildReadme(options, onError);","        };","","        local.testCase_buildTest_default = local.testCase_buildTest_default || function (","            options,","            onError","        ) {","        /*","         * this function will test buildTest's default handling-behavior","         */","            options = {};","            local.buildTest(options, onError);","        };","","        local.testCase_webpage_default = local.testCase_webpage_default || function (","            options,","            onError","        ) {","        /*","         * this function will test webpage's default handling-behavior","         */","            options = { modeCoverageMerge: true, url: local.serverLocalHost + '?modeTest=1' };","            local.browserTest(options, onError);","        };","","        // run test-server","        local.testRunServer(local);","        break;","    }","}());",""],"l":{"12":2,"14":2,"19":2,"21":2,"23":2,"24":2,"25":2,"30":1,"37":2,"40":2,"43":1,"47":1,"50":1,"52":1,"55":2,"61":2,"62":2,"64":2,"70":1,"76":1,"82":2,"83":2,"85":2,"92":1,"95":1,"102":1,"109":1,"110":1,"113":1,"120":1,"121":1,"122":1,"123":1,"124":1,"125":1,"128":1,"133":2,"134":2,"137":1,"144":2,"145":2,"148":1,"155":2,"156":2,"159":1,"166":2,"167":2,"170":1,"177":1,"178":1,"182":1,"183":1}},"/home/travis/build/npmtest/node-npmtest-ejs/lib.npmtest_ejs.js":{"path":"/home/travis/build/npmtest/node-npmtest-ejs/lib.npmtest_ejs.js","s":{"1":2,"2":2,"3":2,"4":2,"5":2,"6":2,"7":2,"8":1,"9":2,"10":2,"11":2,"12":2,"13":1,"14":1,"15":1,"16":1},"b":{"1":[2,1,1,1],"2":[1,1,1,1],"3":[1,1],"4":[2,2],"5":[1,1]},"f":{"1":2,"2":2,"3":2},"fnMap":{"1":{"name":"(anonymous_1)","line":12,"loc":{"start":{"line":12,"column":1},"end":{"line":12,"column":13}}},"2":{"name":"(anonymous_2)","line":19,"loc":{"start":{"line":19,"column":5},"end":{"line":19,"column":17}}},"3":{"name":"(anonymous_3)","line":23,"loc":{"start":{"line":23,"column":24},"end":{"line":23,"column":36}}}},"statementMap":{"1":{"start":{"line":12,"column":0},"end":{"line":53,"column":5}},"2":{"start":{"line":14,"column":4},"end":{"line":14,"column":14}},"3":{"start":{"line":19,"column":4},"end":{"line":52,"column":9}},"4":{"start":{"line":21,"column":8},"end":{"line":21,"column":19}},"5":{"start":{"line":23,"column":8},"end":{"line":35,"column":13}},"6":{"start":{"line":24,"column":12},"end":{"line":34,"column":13}},"7":{"start":{"line":25,"column":16},"end":{"line":28,"column":30}},"8":{"start":{"line":30,"column":16},"end":{"line":33,"column":27}},"9":{"start":{"line":37,"column":8},"end":{"line":39,"column":21}},"10":{"start":{"line":41,"column":8},"end":{"line":41,"column":54}},"11":{"start":{"line":43,"column":8},"end":{"line":43,"column":48}},"12":{"start":{"line":45,"column":8},"end":{"line":51,"column":9}},"13":{"start":{"line":46,"column":12},"end":{"line":46,"column":54}},"14":{"start":{"line":48,"column":12},"end":{"line":48,"column":35}},"15":{"start":{"line":49,"column":12},"end":{"line":49,"column":49}},"16":{"start":{"line":50,"column":12},"end":{"line":50,"column":43}}},"branchMap":{"1":{"line":25,"type":"binary-expr","locations":[{"start":{"line":25,"column":23},"end":{"line":25,"column":62}},{"start":{"line":26,"column":20},"end":{"line":26,"column":70}},{"start":{"line":27,"column":20},"end":{"line":27,"column":71}},{"start":{"line":28,"column":20},"end":{"line":28,"column":29}}]},"2":{"line":30,"type":"binary-expr","locations":[{"start":{"line":30,"column":23},"end":{"line":30,"column":37}},{"start":{"line":31,"column":20},"end":{"line":31,"column":61}},{"start":{"line":32,"column":20},"end":{"line":32,"column":70}},{"start":{"line":33,"column":20},"end":{"line":33,"column":26}}]},"3":{"line":37,"type":"cond-expr","locations":[{"start":{"line":38,"column":14},"end":{"line":38,"column":20}},{"start":{"line":39,"column":14},"end":{"line":39,"column":20}}]},"4":{"line":41,"type":"binary-expr","locations":[{"start":{"line":41,"column":16},"end":{"line":41,"column":44}},{"start":{"line":41,"column":48},"end":{"line":41,"column":53}}]},"5":{"line":45,"type":"if","locations":[{"start":{"line":45,"column":8},"end":{"line":45,"column":8}},{"start":{"line":45,"column":8},"end":{"line":45,"column":8}}]}},"code":["/* istanbul instrument in package npmtest_ejs */","/*jslint","    bitwise: true,","    browser: true,","    maxerr: 8,","    maxlen: 96,","    node: true,","    nomen: true,","    regexp: true,","    stupid: true","*/","(function () {","    'use strict';","    var local;","","","","    // run shared js-env code - pre-init","    (function () {","        // init local","        local = {};","        // init modeJs","        local.modeJs = (function () {","            try {","                return typeof navigator.userAgent === 'string' &&","                    typeof document.querySelector('body') === 'object' &&","                    typeof XMLHttpRequest.prototype.open === 'function' &&","                    'browser';","            } catch (errorCaughtBrowser) {","                return module.exports &&","                    typeof process.versions.node === 'string' &&","                    typeof require('http').createServer === 'function' &&","                    'node';","            }","        }());","        // init global","        local.global = local.modeJs === 'browser'","            ? window","            : global;","        // init utility2_rollup","        local = local.global.utility2_rollup || local;","        // init lib","        local.local = local.npmtest_ejs = local;","        // init exports","        if (local.modeJs === 'browser') {","            local.global.utility2_npmtest_ejs = local;","        } else {","            module.exports = local;","            module.exports.__dirname = __dirname;","            module.exports.module = module;","        }","    }());","}());",""],"l":{"12":2,"14":2,"19":2,"21":2,"23":2,"24":2,"25":2,"30":1,"37":2,"41":2,"43":2,"45":2,"46":1,"48":1,"49":1,"50":1}},"/home/travis/build/npmtest/node-npmtest-ejs/example.js":{"path":"/home/travis/build/npmtest/node-npmtest-ejs/example.js","s":{"1":2,"2":2,"3":2,"4":2,"5":2,"6":2,"7":2,"8":1,"9":2,"10":2,"11":2,"12":2,"13":1,"14":2,"15":2,"16":2,"17":2,"18":2,"19":0,"20":2,"21":1,"22":1,"23":1,"24":1,"25":1,"26":0,"27":0,"28":1,"29":1,"30":2,"31":0,"32":0,"33":0,"34":1,"35":2,"36":2,"37":2,"38":2,"39":2,"40":2,"41":0,"42":2,"43":2,"44":2,"45":1,"46":3,"47":1,"48":1,"49":1,"50":1,"51":1,"52":1,"53":1,"54":1,"55":1,"56":1,"57":0,"58":1,"59":6,"60":6,"61":1,"62":2,"63":0,"64":2,"65":1,"66":1,"67":0,"68":0,"69":0,"70":0,"71":0,"72":0,"73":0,"74":0,"75":0,"76":0,"77":0,"78":0,"79":0,"80":0,"81":0,"82":0,"83":0},"b":{"1":[2,1,1,1],"2":[1,1,1,1],"3":[1,1],"4":[2,2],"5":[1,1],"6":[1,1],"7":[2,0],"8":[2,1,1,1,1,1],"9":[0,2,0],"10":[1,1],"11":[2,1,1],"12":[1,0],"13":[0,2],"14":[2,0,0,0,0,0,0],"15":[0,2],"16":[2,0],"17":[1,1],"18":[0,1],"19":[1,2,0,2],"20":[1,0],"21":[1,1],"22":[0,0],"23":[0,0],"24":[0,0],"25":[0,0],"26":[0,0],"27":[0,0],"28":[0,0]},"f":{"1":2,"2":2,"3":2,"4":2,"5":2,"6":2,"7":2,"8":2,"9":3,"10":1,"11":6,"12":0},"fnMap":{"1":{"name":"(anonymous_1)","line":26,"loc":{"start":{"line":26,"column":1},"end":{"line":26,"column":13}}},"2":{"name":"(anonymous_2)","line":33,"loc":{"start":{"line":33,"column":5},"end":{"line":33,"column":17}}},"3":{"name":"(anonymous_3)","line":37,"loc":{"start":{"line":37,"column":24},"end":{"line":37,"column":36}}},"4":{"name":"(anonymous_4)","line":69,"loc":{"start":{"line":69,"column":31},"end":{"line":69,"column":48}},"skip":true},"5":{"name":"(anonymous_5)","line":78,"loc":{"start":{"line":78,"column":26},"end":{"line":78,"column":45}},"skip":true},"6":{"name":"(anonymous_6)","line":123,"loc":{"start":{"line":123,"column":33},"end":{"line":123,"column":48}},"skip":true},"7":{"name":"(anonymous_7)","line":125,"loc":{"start":{"line":125,"column":27},"end":{"line":125,"column":39}},"skip":true},"8":{"name":"(anonymous_8)","line":133,"loc":{"start":{"line":133,"column":59},"end":{"line":133,"column":74}},"skip":true},"9":{"name":"(anonymous_9)","line":143,"loc":{"start":{"line":143,"column":45},"end":{"line":143,"column":62}},"skip":true},"10":{"name":"(anonymous_10)","line":144,"loc":{"start":{"line":144,"column":73},"end":{"line":144,"column":92}},"skip":true},"11":{"name":"(anonymous_11)","line":272,"loc":{"start":{"line":272,"column":51},"end":{"line":272,"column":77}},"skip":true},"12":{"name":"(anonymous_12)","line":314,"loc":{"start":{"line":314,"column":32},"end":{"line":314,"column":61}},"skip":true}},"statementMap":{"1":{"start":{"line":26,"column":0},"end":{"line":325,"column":5}},"2":{"start":{"line":28,"column":4},"end":{"line":28,"column":14}},"3":{"start":{"line":33,"column":4},"end":{"line":60,"column":9}},"4":{"start":{"line":35,"column":8},"end":{"line":35,"column":19}},"5":{"start":{"line":37,"column":8},"end":{"line":49,"column":13}},"6":{"start":{"line":38,"column":12},"end":{"line":48,"column":13}},"7":{"start":{"line":39,"column":16},"end":{"line":42,"column":30}},"8":{"start":{"line":44,"column":16},"end":{"line":47,"column":27}},"9":{"start":{"line":51,"column":8},"end":{"line":53,"column":21}},"10":{"start":{"line":55,"column":8},"end":{"line":57,"column":45}},"11":{"start":{"line":59,"column":8},"end":{"line":59,"column":35}},"12":{"start":{"line":61,"column":4},"end":{"line":324,"column":5}},"13":{"start":{"line":69,"column":8},"end":{"line":121,"column":10},"skip":true},"14":{"start":{"line":70,"column":12},"end":{"line":88,"column":13},"skip":true},"15":{"start":{"line":76,"column":16},"end":{"line":87,"column":19},"skip":true},"16":{"start":{"line":79,"column":20},"end":{"line":86,"column":21},"skip":true},"17":{"start":{"line":82,"column":24},"end":{"line":82,"column":43},"skip":true},"18":{"start":{"line":83,"column":24},"end":{"line":83,"column":30},"skip":true},"19":{"start":{"line":85,"column":24},"end":{"line":85,"column":49},"skip":true},"20":{"start":{"line":89,"column":12},"end":{"line":107,"column":13},"skip":true},"21":{"start":{"line":92,"column":16},"end":{"line":102,"column":17},"skip":true},"22":{"start":{"line":93,"column":20},"end":{"line":93,"column":86},"skip":true},"23":{"start":{"line":94,"column":20},"end":{"line":95,"column":45},"skip":true},"24":{"start":{"line":96,"column":20},"end":{"line":96,"column":42},"skip":true},"25":{"start":{"line":97,"column":20},"end":{"line":97,"column":48},"skip":true},"26":{"start":{"line":100,"column":20},"end":{"line":100,"column":85},"skip":true},"27":{"start":{"line":101,"column":20},"end":{"line":101,"column":96},"skip":true},"28":{"start":{"line":103,"column":16},"end":{"line":103,"column":22},"skip":true},"29":{"start":{"line":106,"column":16},"end":{"line":106,"column":22},"skip":true},"30":{"start":{"line":108,"column":12},"end":{"line":120,"column":13},"skip":true},"31":{"start":{"line":114,"column":16},"end":{"line":119,"column":17},"skip":true},"32":{"start":{"line":116,"column":20},"end":{"line":116,"column":78},"skip":true},"33":{"start":{"line":118,"column":20},"end":{"line":118,"column":47},"skip":true},"34":{"start":{"line":123,"column":8},"end":{"line":141,"column":11},"skip":true},"35":{"start":{"line":124,"column":12},"end":{"line":124,"column":54},"skip":true},"36":{"start":{"line":125,"column":12},"end":{"line":140,"column":14},"skip":true},"37":{"start":{"line":126,"column":16},"end":{"line":126,"column":28},"skip":true},"38":{"start":{"line":127,"column":16},"end":{"line":127,"column":69},"skip":true},"39":{"start":{"line":128,"column":16},"end":{"line":128,"column":75},"skip":true},"40":{"start":{"line":129,"column":16},"end":{"line":131,"column":17},"skip":true},"41":{"start":{"line":130,"column":20},"end":{"line":130,"column":27},"skip":true},"42":{"start":{"line":133,"column":16},"end":{"line":137,"column":36},"skip":true},"43":{"start":{"line":134,"column":20},"end":{"line":136,"column":55},"skip":true},"44":{"start":{"line":139,"column":16},"end":{"line":139,"column":57},"skip":true},"45":{"start":{"line":143,"column":8},"end":{"line":147,"column":11},"skip":true},"46":{"start":{"line":144,"column":12},"end":{"line":146,"column":15},"skip":true},"47":{"start":{"line":145,"column":16},"end":{"line":145,"column":70},"skip":true},"48":{"start":{"line":149,"column":8},"end":{"line":149,"column":31},"skip":true},"49":{"start":{"line":150,"column":8},"end":{"line":150,"column":14},"skip":true},"50":{"start":{"line":158,"column":8},"end":{"line":158,"column":31},"skip":true},"51":{"start":{"line":160,"column":8},"end":{"line":160,"column":33},"skip":true},"52":{"start":{"line":161,"column":8},"end":{"line":161,"column":37},"skip":true},"53":{"start":{"line":162,"column":8},"end":{"line":162,"column":35},"skip":true},"54":{"start":{"line":164,"column":8},"end":{"line":164,"column":50},"skip":true},"55":{"start":{"line":166,"column":8},"end":{"line":256,"column":2},"skip":true},"56":{"start":{"line":258,"column":8},"end":{"line":286,"column":9},"skip":true},"57":{"start":{"line":259,"column":12},"end":{"line":269,"column":14},"skip":true},"58":{"start":{"line":271,"column":12},"end":{"line":285,"column":19},"skip":true},"59":{"start":{"line":274,"column":20},"end":{"line":274,"column":35},"skip":true},"60":{"start":{"line":275,"column":20},"end":{"line":284,"column":21},"skip":true},"61":{"start":{"line":277,"column":24},"end":{"line":277,"column":64},"skip":true},"62":{"start":{"line":279,"column":24},"end":{"line":279,"column":40},"skip":true},"63":{"start":{"line":281,"column":24},"end":{"line":281,"column":40},"skip":true},"64":{"start":{"line":283,"column":24},"end":{"line":283,"column":39},"skip":true},"65":{"start":{"line":288,"column":8},"end":{"line":290,"column":9},"skip":true},"66":{"start":{"line":289,"column":12},"end":{"line":289,"column":18},"skip":true},"67":{"start":{"line":291,"column":8},"end":{"line":293,"column":54},"skip":true},"68":{"start":{"line":294,"column":8},"end":{"line":301,"column":37},"skip":true},"69":{"start":{"line":302,"column":8},"end":{"line":302,"column":82},"skip":true},"70":{"start":{"line":305,"column":8},"end":{"line":307,"column":9},"skip":true},"71":{"start":{"line":306,"column":12},"end":{"line":306,"column":82},"skip":true},"72":{"start":{"line":309,"column":8},"end":{"line":311,"column":9},"skip":true},"73":{"start":{"line":310,"column":12},"end":{"line":310,"column":18},"skip":true},"74":{"start":{"line":312,"column":8},"end":{"line":312,"column":54},"skip":true},"75":{"start":{"line":313,"column":8},"end":{"line":313,"column":69},"skip":true},"76":{"start":{"line":314,"column":8},"end":{"line":322,"column":36},"skip":true},"77":{"start":{"line":315,"column":12},"end":{"line":315,"column":61},"skip":true},"78":{"start":{"line":316,"column":12},"end":{"line":319,"column":13},"skip":true},"79":{"start":{"line":317,"column":16},"end":{"line":317,"column":75},"skip":true},"80":{"start":{"line":318,"column":16},"end":{"line":318,"column":23},"skip":true},"81":{"start":{"line":320,"column":12},"end":{"line":320,"column":38},"skip":true},"82":{"start":{"line":321,"column":12},"end":{"line":321,"column":27},"skip":true},"83":{"start":{"line":323,"column":8},"end":{"line":323,"column":14},"skip":true}},"branchMap":{"1":{"line":39,"type":"binary-expr","locations":[{"start":{"line":39,"column":23},"end":{"line":39,"column":62}},{"start":{"line":40,"column":20},"end":{"line":40,"column":70}},{"start":{"line":41,"column":20},"end":{"line":41,"column":71}},{"start":{"line":42,"column":20},"end":{"line":42,"column":29}}]},"2":{"line":44,"type":"binary-expr","locations":[{"start":{"line":44,"column":23},"end":{"line":44,"column":37}},{"start":{"line":45,"column":20},"end":{"line":45,"column":61}},{"start":{"line":46,"column":20},"end":{"line":46,"column":70}},{"start":{"line":47,"column":20},"end":{"line":47,"column":26}}]},"3":{"line":51,"type":"cond-expr","locations":[{"start":{"line":52,"column":14},"end":{"line":52,"column":20}},{"start":{"line":53,"column":14},"end":{"line":53,"column":20}}]},"4":{"line":55,"type":"binary-expr","locations":[{"start":{"line":55,"column":16},"end":{"line":55,"column":44}},{"start":{"line":55,"column":49},"end":{"line":57,"column":43}}]},"5":{"line":55,"type":"cond-expr","locations":[{"start":{"line":56,"column":14},"end":{"line":56,"column":47}},{"start":{"line":57,"column":14},"end":{"line":57,"column":43}}]},"6":{"line":61,"type":"switch","locations":[{"start":{"line":68,"column":4},"end":{"line":150,"column":14},"skip":true},{"start":{"line":156,"column":4},"end":{"line":323,"column":14},"skip":true}]},"7":{"line":70,"type":"if","locations":[{"start":{"line":70,"column":12},"end":{"line":70,"column":12},"skip":true},{"start":{"line":70,"column":12},"end":{"line":70,"column":12},"skip":true}]},"8":{"line":70,"type":"binary-expr","locations":[{"start":{"line":70,"column":16},"end":{"line":70,"column":22},"skip":true},{"start":{"line":70,"column":27},"end":{"line":70,"column":32},"skip":true},{"start":{"line":71,"column":20},"end":{"line":71,"column":39},"skip":true},{"start":{"line":72,"column":20},"end":{"line":72,"column":49},"skip":true},{"start":{"line":73,"column":20},"end":{"line":73,"column":58},"skip":true},{"start":{"line":74,"column":20},"end":{"line":74,"column":69},"skip":true}]},"9":{"line":79,"type":"switch","locations":[{"start":{"line":80,"column":20},"end":{"line":80,"column":33},"skip":true},{"start":{"line":81,"column":20},"end":{"line":83,"column":30},"skip":true},{"start":{"line":84,"column":20},"end":{"line":85,"column":49},"skip":true}]},"10":{"line":89,"type":"switch","locations":[{"start":{"line":90,"column":12},"end":{"line":103,"column":22},"skip":true},{"start":{"line":105,"column":12},"end":{"line":106,"column":22},"skip":true}]},"11":{"line":89,"type":"binary-expr","locations":[{"start":{"line":89,"column":20},"end":{"line":89,"column":25},"skip":true},{"start":{"line":89,"column":29},"end":{"line":89,"column":48},"skip":true},{"start":{"line":89,"column":52},"end":{"line":89,"column":74},"skip":true}]},"12":{"line":92,"type":"if","locations":[{"start":{"line":92,"column":16},"end":{"line":92,"column":16},"skip":true},{"start":{"line":92,"column":16},"end":{"line":92,"column":16},"skip":true}]},"13":{"line":108,"type":"if","locations":[{"start":{"line":108,"column":12},"end":{"line":108,"column":12},"skip":true},{"start":{"line":108,"column":12},"end":{"line":108,"column":12},"skip":true}]},"14":{"line":108,"type":"binary-expr","locations":[{"start":{"line":108,"column":16},"end":{"line":108,"column":61},"skip":true},{"start":{"line":108,"column":66},"end":{"line":108,"column":72},"skip":true},{"start":{"line":108,"column":77},"end":{"line":108,"column":82},"skip":true},{"start":{"line":109,"column":20},"end":{"line":109,"column":39},"skip":true},{"start":{"line":110,"column":20},"end":{"line":110,"column":49},"skip":true},{"start":{"line":111,"column":20},"end":{"line":111,"column":58},"skip":true},{"start":{"line":112,"column":20},"end":{"line":112,"column":68},"skip":true}]},"15":{"line":129,"type":"if","locations":[{"start":{"line":129,"column":16},"end":{"line":129,"column":16},"skip":true},{"start":{"line":129,"column":16},"end":{"line":129,"column":16},"skip":true}]},"16":{"line":134,"type":"cond-expr","locations":[{"start":{"line":135,"column":26},"end":{"line":135,"column":29},"skip":true},{"start":{"line":136,"column":26},"end":{"line":136,"column":54},"skip":true}]},"17":{"line":164,"type":"binary-expr","locations":[{"start":{"line":164,"column":27},"end":{"line":164,"column":43},"skip":true},{"start":{"line":164,"column":47},"end":{"line":164,"column":49},"skip":true}]},"18":{"line":258,"type":"if","locations":[{"start":{"line":258,"column":8},"end":{"line":258,"column":8},"skip":true},{"start":{"line":258,"column":8},"end":{"line":258,"column":8},"skip":true}]},"19":{"line":275,"type":"switch","locations":[{"start":{"line":276,"column":20},"end":{"line":277,"column":64},"skip":true},{"start":{"line":278,"column":20},"end":{"line":279,"column":40},"skip":true},{"start":{"line":280,"column":20},"end":{"line":281,"column":40},"skip":true},{"start":{"line":282,"column":20},"end":{"line":283,"column":39},"skip":true}]},"20":{"line":288,"type":"if","locations":[{"start":{"line":288,"column":8},"end":{"line":288,"column":8},"skip":true},{"start":{"line":288,"column":8},"end":{"line":288,"column":8},"skip":true}]},"21":{"line":288,"type":"binary-expr","locations":[{"start":{"line":288,"column":12},"end":{"line":288,"column":40},"skip":true},{"start":{"line":288,"column":44},"end":{"line":288,"column":67},"skip":true}]},"22":{"line":292,"type":"binary-expr","locations":[{"start":{"line":292,"column":12},"end":{"line":292,"column":50},"skip":true},{"start":{"line":293,"column":12},"end":{"line":293,"column":53},"skip":true}]},"23":{"line":295,"type":"binary-expr","locations":[{"start":{"line":295,"column":12},"end":{"line":295,"column":61},"skip":true},{"start":{"line":296,"column":12},"end":{"line":301,"column":36},"skip":true}]},"24":{"line":302,"type":"binary-expr","locations":[{"start":{"line":302,"column":43},"end":{"line":302,"column":75},"skip":true},{"start":{"line":302,"column":79},"end":{"line":302,"column":81},"skip":true}]},"25":{"line":305,"type":"if","locations":[{"start":{"line":305,"column":8},"end":{"line":305,"column":8},"skip":true},{"start":{"line":305,"column":8},"end":{"line":305,"column":8},"skip":true}]},"26":{"line":309,"type":"if","locations":[{"start":{"line":309,"column":8},"end":{"line":309,"column":8},"skip":true},{"start":{"line":309,"column":8},"end":{"line":309,"column":8},"skip":true}]},"27":{"line":312,"type":"binary-expr","locations":[{"start":{"line":312,"column":27},"end":{"line":312,"column":43},"skip":true},{"start":{"line":312,"column":47},"end":{"line":312,"column":53},"skip":true}]},"28":{"line":316,"type":"if","locations":[{"start":{"line":316,"column":12},"end":{"line":316,"column":12},"skip":true},{"start":{"line":316,"column":12},"end":{"line":316,"column":12},"skip":true}]}},"code":["/*","example.js","","quickstart example","","instruction","    1. save this script as example.js","    2. run the shell command:","        $ npm install npmtest-ejs && PORT=8081 node example.js","    3. play with the browser-demo on http://127.0.0.1:8081","*/","","","","/* istanbul instrument in package npmtest_ejs */","/*jslint","    bitwise: true,","    browser: true,","    maxerr: 8,","    maxlen: 96,","    node: true,","    nomen: true,","    regexp: true,","    stupid: true","*/","(function () {","    'use strict';","    var local;","","","","    // run shared js-env code - pre-init","    (function () {","        // init local","        local = {};","        // init modeJs","        local.modeJs = (function () {","            try {","                return typeof navigator.userAgent === 'string' &&","                    typeof document.querySelector('body') === 'object' &&","                    typeof XMLHttpRequest.prototype.open === 'function' &&","                    'browser';","            } catch (errorCaughtBrowser) {","                return module.exports &&","                    typeof process.versions.node === 'string' &&","                    typeof require('http').createServer === 'function' &&","                    'node';","            }","        }());","        // init global","        local.global = local.modeJs === 'browser'","            ? window","            : global;","        // init utility2_rollup","        local = local.global.utility2_rollup || (local.modeJs === 'browser'","            ? local.global.utility2_npmtest_ejs","            : global.utility2_moduleExports);","        // export local","        local.global.local = local;","    }());","    switch (local.modeJs) {","","","","    // post-init","    // run browser js-env code - post-init","    /* istanbul ignore next */","    case 'browser':","        local.testRunBrowser = function (event) {","            if (!event || (event &&","                    event.currentTarget &&","                    event.currentTarget.className &&","                    event.currentTarget.className.includes &&","                    event.currentTarget.className.includes('onreset'))) {","                // reset output","                Array.from(","                    document.querySelectorAll('body > .resettable')","                ).forEach(function (element) {","                    switch (element.tagName) {","                    case 'INPUT':","                    case 'TEXTAREA':","                        element.value = '';","                        break;","                    default:","                        element.textContent = '';","                    }","                });","            }","            switch (event && event.currentTarget && event.currentTarget.id) {","            case 'testRunButton1':","                // show tests","                if (document.querySelector('#testReportDiv1').style.display === 'none') {","                    document.querySelector('#testReportDiv1').style.display = 'block';","                    document.querySelector('#testRunButton1').textContent =","                        'hide internal test';","                    local.modeTest = true;","                    local.testRunDefault(local);","                // hide tests","                } else {","                    document.querySelector('#testReportDiv1').style.display = 'none';","                    document.querySelector('#testRunButton1').textContent = 'run internal test';","                }","                break;","            // custom-case","            default:","                break;","            }","            if (document.querySelector('#inputTextareaEval1') && (!event || (event &&","                    event.currentTarget &&","                    event.currentTarget.className &&","                    event.currentTarget.className.includes &&","                    event.currentTarget.className.includes('oneval')))) {","                // try to eval input-code","                try {","                    /*jslint evil: true*/","                    eval(document.querySelector('#inputTextareaEval1').value);","                } catch (errorCaught) {","                    console.error(errorCaught);","                }","            }","        };","        // log stderr and stdout to #outputTextareaStdout1","        ['error', 'log'].forEach(function (key) {","            console[key + '_original'] = console[key];","            console[key] = function () {","                var element;","                console[key + '_original'].apply(console, arguments);","                element = document.querySelector('#outputTextareaStdout1');","                if (!element) {","                    return;","                }","                // append text to #outputTextareaStdout1","                element.value += Array.from(arguments).map(function (arg) {","                    return typeof arg === 'string'","                        ? arg","                        : JSON.stringify(arg, null, 4);","                }).join(' ') + '\\n';","                // scroll textarea to bottom","                element.scrollTop = element.scrollHeight;","            };","        });","        // init event-handling","        ['change', 'click', 'keyup'].forEach(function (event) {","            Array.from(document.querySelectorAll('.on' + event)).forEach(function (element) {","                element.addEventListener(event, local.testRunBrowser);","            });","        });","        // run tests","        local.testRunBrowser();","        break;","","","","    // run node js-env code - post-init","    /* istanbul ignore next */","    case 'node':","        // export local","        module.exports = local;","        // require modules","        local.fs = require('fs');","        local.http = require('http');","        local.url = require('url');","        // init assets","        local.assetsDict = local.assetsDict || {};","        /* jslint-ignore-begin */","        local.assetsDict['/assets.index.template.html'] = '\\","<!doctype html>\\n\\","<html lang=\"en\">\\n\\","<head>\\n\\","<meta charset=\"UTF-8\">\\n\\","<meta name=\"viewport\" content=\"width=device-width, initial-scale=1\">\\n\\","<title>{{env.npm_package_name}} (v{{env.npm_package_version}})</title>\\n\\","<style>\\n\\","/*csslint\\n\\","    box-sizing: false,\\n\\","    universal-selector: false\\n\\","*/\\n\\","* {\\n\\","    box-sizing: border-box;\\n\\","}\\n\\","body {\\n\\","    background: #dde;\\n\\","    font-family: Arial, Helvetica, sans-serif;\\n\\","    margin: 2rem;\\n\\","}\\n\\","body > * {\\n\\","    margin-bottom: 1rem;\\n\\","}\\n\\",".utility2FooterDiv {\\n\\","    margin-top: 20px;\\n\\","    text-align: center;\\n\\","}\\n\\","</style>\\n\\","<style>\\n\\","/*csslint\\n\\","*/\\n\\","textarea {\\n\\","    font-family: monospace;\\n\\","    height: 10rem;\\n\\","    width: 100%;\\n\\","}\\n\\","textarea[readonly] {\\n\\","    background: #ddd;\\n\\","}\\n\\","</style>\\n\\","</head>\\n\\","<body>\\n\\","<!-- utility2-comment\\n\\","<div id=\"ajaxProgressDiv1\" style=\"background: #d00; height: 2px; left: 0; margin: 0; padding: 0; position: fixed; top: 0; transition: background 0.5s, width 1.5s; width: 25%;\"></div>\\n\\","utility2-comment -->\\n\\","<h1>\\n\\","<!-- utility2-comment\\n\\","    <a\\n\\","        {{#if env.npm_package_homepage}}\\n\\","        href=\"{{env.npm_package_homepage}}\"\\n\\","        {{/if env.npm_package_homepage}}\\n\\","        target=\"_blank\"\\n\\","    >\\n\\","utility2-comment -->\\n\\","        {{env.npm_package_name}} (v{{env.npm_package_version}})\\n\\","<!-- utility2-comment\\n\\","    </a>\\n\\","utility2-comment -->\\n\\","</h1>\\n\\","<h3>{{env.npm_package_description}}</h3>\\n\\","<!-- utility2-comment\\n\\","<h4><a download href=\"assets.app.js\">download standalone app</a></h4>\\n\\","<button class=\"onclick onreset\" id=\"testRunButton1\">run internal test</button><br>\\n\\","<div id=\"testReportDiv1\" style=\"display: none;\"></div>\\n\\","utility2-comment -->\\n\\","\\n\\","\\n\\","\\n\\","<label>stderr and stdout</label>\\n\\","<textarea class=\"resettable\" id=\"outputTextareaStdout1\" readonly></textarea>\\n\\","<!-- utility2-comment\\n\\","{{#if isRollup}}\\n\\","<script src=\"assets.app.js\"></script>\\n\\","{{#unless isRollup}}\\n\\","utility2-comment -->\\n\\","<script src=\"assets.utility2.rollup.js\"></script>\\n\\","<script src=\"jsonp.utility2._stateInit?callback=window.utility2._stateInit\"></script>\\n\\","<script src=\"assets.npmtest_ejs.rollup.js\"></script>\\n\\","<script src=\"assets.example.js\"></script>\\n\\","<script src=\"assets.test.js\"></script>\\n\\","<!-- utility2-comment\\n\\","{{/if isRollup}}\\n\\","utility2-comment -->\\n\\","<div class=\"utility2FooterDiv\">\\n\\","    [ this app was created with\\n\\","    <a href=\"https://github.com/kaizhu256/node-utility2\" target=\"_blank\">utility2</a>\\n\\","    ]\\n\\","</div>\\n\\","</body>\\n\\","</html>\\n\\","';","        /* jslint-ignore-end */","        if (local.templateRender) {","            local.assetsDict['/'] = local.templateRender(","                local.assetsDict['/assets.index.template.html'],","                {","                    env: local.objectSetDefault(local.env, {","                        npm_package_description: 'the greatest app in the world!',","                        npm_package_name: 'my-app',","                        npm_package_nameAlias: 'my_app',","                        npm_package_version: '0.0.1'","                    })","                }","            );","        } else {","            local.assetsDict['/'] = local.assetsDict['/assets.index.template.html']","                .replace((/\\{\\{env\\.(\\w+?)\\}\\}/g), function (match0, match1) {","                    // jslint-hack","                    String(match0);","                    switch (match1) {","                    case 'npm_package_description':","                        return 'the greatest app in the world!';","                    case 'npm_package_name':","                        return 'my-app';","                    case 'npm_package_nameAlias':","                        return 'my_app';","                    case 'npm_package_version':","                        return '0.0.1';","                    }","                });","        }","        // run the cli","        if (local.global.utility2_rollup || module !== require.main) {","            break;","        }","        local.assetsDict['/assets.example.js'] =","            local.assetsDict['/assets.example.js'] ||","            local.fs.readFileSync(__filename, 'utf8');","        local.assetsDict['/assets.npmtest_ejs.rollup.js'] =","            local.assetsDict['/assets.npmtest_ejs.rollup.js'] ||","            local.fs.readFileSync(","                // buildCustomOrg-hack","                local.npmtest_ejs.__dirname +","                    '/lib.npmtest_ejs.js',","                'utf8'","            ).replace((/^#!/), '//');","        local.assetsDict['/favicon.ico'] = local.assetsDict['/favicon.ico'] || '';","        // if $npm_config_timeout_exit exists,","        // then exit this process after $npm_config_timeout_exit ms","        if (Number(process.env.npm_config_timeout_exit)) {","            setTimeout(process.exit, Number(process.env.npm_config_timeout_exit));","        }","        // start server","        if (local.global.utility2_serverHttp1) {","            break;","        }","        process.env.PORT = process.env.PORT || '8081';","        console.error('server starting on port ' + process.env.PORT);","        local.http.createServer(function (request, response) {","            request.urlParsed = local.url.parse(request.url);","            if (local.assetsDict[request.urlParsed.pathname] !== undefined) {","                response.end(local.assetsDict[request.urlParsed.pathname]);","                return;","            }","            response.statusCode = 404;","            response.end();","        }).listen(process.env.PORT);","        break;","    }","}());",""],"l":{"26":2,"28":2,"33":2,"35":2,"37":2,"38":2,"39":2,"44":1,"51":2,"55":2,"59":2,"61":2,"69":1,"70":2,"76":2,"79":2,"82":2,"83":2,"85":1,"89":2,"92":1,"93":1,"94":1,"96":1,"97":1,"100":1,"101":1,"103":1,"106":1,"108":2,"114":1,"116":1,"118":1,"123":1,"124":2,"125":2,"126":2,"127":2,"128":2,"129":2,"130":1,"133":2,"134":2,"139":2,"143":1,"144":3,"145":1,"149":1,"150":1,"158":1,"160":1,"161":1,"162":1,"164":1,"166":1,"258":1,"259":1,"271":1,"274":6,"275":6,"277":1,"279":2,"281":1,"283":2,"288":1,"289":1,"291":1,"294":1,"302":1,"305":1,"306":1,"309":1,"310":1,"312":1,"313":1,"314":1,"315":1,"316":1,"317":1,"318":1,"320":1,"321":1,"323":1}},"/home/travis/build/npmtest/node-npmtest-ejs/ejs/lib/ejs.js":{"path":"/home/travis/build/npmtest/node-npmtest-ejs/ejs/lib/ejs.js","s":{"1":1,"2":1,"3":1,"4":1,"5":1,"6":1,"7":1,"8":1,"9":1,"10":1,"11":1,"12":1,"13":1,"14":1,"15":1,"16":1,"17":0,"18":0,"19":0,"20":0,"21":0,"22":0,"23":0,"24":0,"25":1,"26":0,"27":0,"28":0,"29":0,"30":0,"31":0,"32":0,"33":1,"34":0,"35":0,"36":0,"37":0,"38":0,"39":0,"40":0,"41":0,"42":0,"43":0,"44":0,"45":0,"46":0,"47":0,"48":0,"49":0,"50":0,"51":0,"52":0,"53":1,"54":0,"55":0,"56":0,"57":0,"58":0,"59":1,"60":0,"61":1,"62":0,"63":0,"64":0,"65":1,"66":0,"67":0,"68":0,"69":0,"70":0,"71":0,"72":0,"73":0,"74":0,"75":1,"76":0,"77":0,"78":0,"79":0,"80":0,"81":0,"82":0,"83":0,"84":0,"85":0,"86":1,"87":0,"88":1,"89":0,"90":0,"91":0,"92":0,"93":0,"94":0,"95":0,"96":0,"97":0,"98":0,"99":1,"100":0,"101":0,"102":0,"103":0,"104":0,"105":1,"106":0,"107":0,"108":0,"109":0,"110":0,"111":0,"112":0,"113":0,"114":0,"115":0,"116":0,"117":0,"118":0,"119":0,"120":1,"121":0,"122":1,"123":0,"124":0,"125":0,"126":0,"127":0,"128":0,"129":0,"130":0,"131":0,"132":0,"133":0,"134":0,"135":0,"136":0,"137":0,"138":0,"139":0,"140":0,"141":0,"142":0,"143":0,"144":0,"145":0,"146":0,"147":0,"148":1,"149":1,"150":0,"151":0,"152":0,"153":0,"154":0,"155":0,"156":0,"157":0,"158":0,"159":0,"160":0,"161":0,"162":0,"163":0,"164":0,"165":0,"166":0,"167":0,"168":0,"169":0,"170":0,"171":0,"172":0,"173":0,"174":0,"175":0,"176":0,"177":0,"178":0,"179":0,"180":0,"181":0,"182":0,"183":0,"184":0,"185":0,"186":0,"187":0,"188":0,"189":0,"190":0,"191":0,"192":0,"193":0,"194":0,"195":0,"196":0,"197":0,"198":0,"199":0,"200":0,"201":0,"202":0,"203":0,"204":0,"205":0,"206":0,"207":0,"208":0,"209":0,"210":0,"211":0,"212":0,"213":0,"214":0,"215":0,"216":0,"217":0,"218":0,"219":0,"220":0,"221":0,"222":0,"223":0,"224":0,"225":0,"226":0,"227":0,"228":0,"229":0,"230":0,"231":0,"232":0,"233":0,"234":0,"235":0,"236":0,"237":0,"238":0,"239":0,"240":0,"241":0,"242":0,"243":0,"244":0,"245":0,"246":0,"247":0,"248":0,"249":0,"250":1,"251":0,"252":0,"253":0,"254":0,"255":0,"256":0,"257":0,"258":0,"259":0,"260":0,"261":0,"262":0,"263":0,"264":0,"265":0,"266":0,"267":0,"268":0,"269":0,"270":0,"271":0,"272":0,"273":0,"274":0,"275":0,"276":0,"277":0,"278":0,"279":0,"280":0,"281":0,"282":0,"283":0,"284":0,"285":0,"286":0,"287":0,"288":0,"289":0,"290":0,"291":0,"292":0,"293":0,"294":0,"295":0,"296":0,"297":0,"298":0,"299":0,"300":0,"301":0,"302":1,"303":1,"304":1,"305":1,"306":0,"307":0,"308":0,"309":0,"310":0,"311":1,"312":1,"313":1,"314":0},"b":{"1":[0,0],"2":[0,0],"3":[0,0],"4":[0,0],"5":[0,0],"6":[0,0],"7":[0,0],"8":[0,0],"9":[0,0],"10":[0,0],"11":[0,0],"12":[0,0],"13":[0,0],"14":[0,0],"15":[0,0],"16":[0,0],"17":[0,0],"18":[0,0],"19":[0,0],"20":[0,0],"21":[0,0],"22":[0,0],"23":[0,0],"24":[0,0],"25":[0,0],"26":[0,0],"27":[0,0],"28":[0,0],"29":[0,0,0],"30":[0,0],"31":[0,0],"32":[0,0,0],"33":[0,0],"34":[0,0],"35":[0,0],"36":[0,0],"37":[0,0],"38":[0,0],"39":[0,0],"40":[0,0],"41":[0,0],"42":[0,0],"43":[0,0],"44":[0,0],"45":[0,0],"46":[0,0],"47":[0,0],"48":[0,0],"49":[0,0],"50":[0,0],"51":[0,0],"52":[0,0],"53":[0,0],"54":[0,0,0],"55":[0,0],"56":[0,0],"57":[0,0,0,0],"58":[0,0],"59":[0,0],"60":[0,0],"61":[0,0],"62":[0,0],"63":[0,0],"64":[0,0,0,0,0,0,0,0,0,0,0],"65":[0,0],"66":[0,0],"67":[0,0],"68":[0,0,0],"69":[0,0],"70":[0,0,0,0,0],"71":[0,0],"72":[0,0],"73":[1,0],"74":[0,0],"75":[0,1]},"f":{"1":0,"2":0,"3":0,"4":0,"5":0,"6":0,"7":0,"8":0,"9":0,"10":0,"11":0,"12":0,"13":0,"14":0,"15":0,"16":0,"17":0,"18":0,"19":0,"20":0,"21":0,"22":0,"23":0,"24":0,"25":0},"fnMap":{"1":{"name":"(anonymous_1)","line":105,"loc":{"start":{"line":105,"column":25},"end":{"line":105,"column":57}}},"2":{"name":"getIncludePath","line":124,"loc":{"start":{"line":124,"column":0},"end":{"line":124,"column":38}}},"3":{"name":"handleCache","line":156,"loc":{"start":{"line":156,"column":0},"end":{"line":156,"column":40}}},"4":{"name":"tryHandleCache","line":200,"loc":{"start":{"line":200,"column":0},"end":{"line":200,"column":43}}},"5":{"name":"fileLoader","line":219,"loc":{"start":{"line":219,"column":0},"end":{"line":219,"column":29}}},"6":{"name":"includeFile","line":236,"loc":{"start":{"line":236,"column":0},"end":{"line":236,"column":36}}},"7":{"name":"includeSource","line":252,"loc":{"start":{"line":252,"column":0},"end":{"line":252,"column":38}}},"8":{"name":"rethrow","line":281,"loc":{"start":{"line":281,"column":0},"end":{"line":281,"column":45}}},"9":{"name":"(anonymous_9)","line":287,"loc":{"start":{"line":287,"column":44},"end":{"line":287,"column":62}}},"10":{"name":"stripSemi","line":305,"loc":{"start":{"line":305,"column":0},"end":{"line":305,"column":23}}},"11":{"name":"compile","line":321,"loc":{"start":{"line":321,"column":18},"end":{"line":321,"column":51}}},"12":{"name":"(anonymous_12)","line":354,"loc":{"start":{"line":354,"column":17},"end":{"line":354,"column":43}}},"13":{"name":"(anonymous_13)","line":380,"loc":{"start":{"line":380,"column":21},"end":{"line":380,"column":33}}},"14":{"name":"(anonymous_14)","line":420,"loc":{"start":{"line":420,"column":21},"end":{"line":420,"column":33}}},"15":{"name":"Template","line":424,"loc":{"start":{"line":424,"column":0},"end":{"line":424,"column":30}}},"16":{"name":"(anonymous_16)","line":467,"loc":{"start":{"line":467,"column":15},"end":{"line":467,"column":27}}},"17":{"name":"(anonymous_17)","line":474,"loc":{"start":{"line":474,"column":11},"end":{"line":474,"column":23}}},"18":{"name":"(anonymous_18)","line":547,"loc":{"start":{"line":547,"column":21},"end":{"line":547,"column":37}}},"19":{"name":"(anonymous_19)","line":548,"loc":{"start":{"line":548,"column":20},"end":{"line":548,"column":49}}},"20":{"name":"(anonymous_20)","line":561,"loc":{"start":{"line":561,"column":18},"end":{"line":561,"column":30}}},"21":{"name":"(anonymous_21)","line":580,"loc":{"start":{"line":580,"column":22},"end":{"line":580,"column":45}}},"22":{"name":"(anonymous_22)","line":633,"loc":{"start":{"line":633,"column":21},"end":{"line":633,"column":33}}},"23":{"name":"(anonymous_23)","line":660,"loc":{"start":{"line":660,"column":12},"end":{"line":660,"column":28}}},"24":{"name":"_addOutput","line":665,"loc":{"start":{"line":665,"column":4},"end":{"line":665,"column":26}}},"25":{"name":"(anonymous_25)","line":806,"loc":{"start":{"line":806,"column":31},"end":{"line":806,"column":55}}}},"statementMap":{"1":{"start":{"line":47,"column":0},"end":{"line":47,"column":23}},"2":{"start":{"line":48,"column":0},"end":{"line":48,"column":27}},"3":{"start":{"line":49,"column":0},"end":{"line":49,"column":31}},"4":{"start":{"line":51,"column":0},"end":{"line":51,"column":30}},"5":{"start":{"line":52,"column":0},"end":{"line":52,"column":57}},"6":{"start":{"line":53,"column":0},"end":{"line":53,"column":29}},"7":{"start":{"line":54,"column":0},"end":{"line":54,"column":36}},"8":{"start":{"line":55,"column":0},"end":{"line":55,"column":18}},"9":{"start":{"line":56,"column":0},"end":{"line":56,"column":62}},"10":{"start":{"line":57,"column":0},"end":{"line":58,"column":59}},"11":{"start":{"line":62,"column":0},"end":{"line":62,"column":42}},"12":{"start":{"line":63,"column":0},"end":{"line":63,"column":21}},"13":{"start":{"line":73,"column":0},"end":{"line":73,"column":28}},"14":{"start":{"line":82,"column":0},"end":{"line":82,"column":37}},"15":{"start":{"line":94,"column":0},"end":{"line":94,"column":42}},"16":{"start":{"line":105,"column":0},"end":{"line":115,"column":2}},"17":{"start":{"line":106,"column":2},"end":{"line":106,"column":29}},"18":{"start":{"line":107,"column":2},"end":{"line":107,"column":29}},"19":{"start":{"line":108,"column":2},"end":{"line":108,"column":29}},"20":{"start":{"line":109,"column":2},"end":{"line":109,"column":72}},"21":{"start":{"line":110,"column":2},"end":{"line":110,"column":26}},"22":{"start":{"line":111,"column":2},"end":{"line":113,"column":3}},"23":{"start":{"line":112,"column":4},"end":{"line":112,"column":26}},"24":{"start":{"line":114,"column":2},"end":{"line":114,"column":21}},"25":{"start":{"line":124,"column":0},"end":{"line":136,"column":1}},"26":{"start":{"line":125,"column":2},"end":{"line":125,"column":18}},"27":{"start":{"line":126,"column":2},"end":{"line":134,"column":3}},"28":{"start":{"line":127,"column":4},"end":{"line":127,"column":93}},"29":{"start":{"line":130,"column":4},"end":{"line":132,"column":5}},"30":{"start":{"line":131,"column":6},"end":{"line":131,"column":87}},"31":{"start":{"line":133,"column":4},"end":{"line":133,"column":65}},"32":{"start":{"line":135,"column":2},"end":{"line":135,"column":21}},"33":{"start":{"line":156,"column":0},"end":{"line":186,"column":1}},"34":{"start":{"line":157,"column":2},"end":{"line":157,"column":11}},"35":{"start":{"line":158,"column":2},"end":{"line":158,"column":34}},"36":{"start":{"line":159,"column":2},"end":{"line":159,"column":41}},"37":{"start":{"line":161,"column":2},"end":{"line":180,"column":3}},"38":{"start":{"line":162,"column":4},"end":{"line":164,"column":5}},"39":{"start":{"line":163,"column":6},"end":{"line":163,"column":58}},"40":{"start":{"line":165,"column":4},"end":{"line":165,"column":39}},"41":{"start":{"line":166,"column":4},"end":{"line":168,"column":5}},"42":{"start":{"line":167,"column":6},"end":{"line":167,"column":18}},"43":{"start":{"line":169,"column":4},"end":{"line":171,"column":5}},"44":{"start":{"line":170,"column":6},"end":{"line":170,"column":67}},"45":{"start":{"line":173,"column":7},"end":{"line":180,"column":3}},"46":{"start":{"line":175,"column":4},"end":{"line":178,"column":5}},"47":{"start":{"line":176,"column":6},"end":{"line":177,"column":34},"skip":true},"48":{"start":{"line":179,"column":4},"end":{"line":179,"column":65}},"49":{"start":{"line":181,"column":2},"end":{"line":181,"column":44}},"50":{"start":{"line":182,"column":2},"end":{"line":184,"column":3}},"51":{"start":{"line":183,"column":4},"end":{"line":183,"column":38}},"52":{"start":{"line":185,"column":2},"end":{"line":185,"column":14}},"53":{"start":{"line":200,"column":0},"end":{"line":209,"column":1}},"54":{"start":{"line":201,"column":2},"end":{"line":201,"column":13}},"55":{"start":{"line":202,"column":2},"end":{"line":207,"column":3}},"56":{"start":{"line":203,"column":4},"end":{"line":203,"column":40}},"57":{"start":{"line":206,"column":4},"end":{"line":206,"column":19}},"58":{"start":{"line":208,"column":2},"end":{"line":208,"column":26}},"59":{"start":{"line":219,"column":0},"end":{"line":221,"column":1}},"60":{"start":{"line":220,"column":2},"end":{"line":220,"column":38}},"61":{"start":{"line":236,"column":0},"end":{"line":240,"column":1}},"62":{"start":{"line":237,"column":2},"end":{"line":237,"column":44}},"63":{"start":{"line":238,"column":2},"end":{"line":238,"column":45}},"64":{"start":{"line":239,"column":2},"end":{"line":239,"column":27}},"65":{"start":{"line":252,"column":0},"end":{"line":266,"column":1}},"66":{"start":{"line":253,"column":2},"end":{"line":253,"column":44}},"67":{"start":{"line":254,"column":2},"end":{"line":254,"column":18}},"68":{"start":{"line":255,"column":2},"end":{"line":255,"column":15}},"69":{"start":{"line":256,"column":2},"end":{"line":256,"column":43}},"70":{"start":{"line":257,"column":2},"end":{"line":257,"column":66}},"71":{"start":{"line":258,"column":2},"end":{"line":258,"column":30}},"72":{"start":{"line":259,"column":2},"end":{"line":259,"column":43}},"73":{"start":{"line":260,"column":2},"end":{"line":260,"column":25}},"74":{"start":{"line":261,"column":2},"end":{"line":265,"column":4}},"75":{"start":{"line":281,"column":0},"end":{"line":303,"column":1}},"76":{"start":{"line":282,"column":2},"end":{"line":282,"column":30}},"77":{"start":{"line":283,"column":2},"end":{"line":283,"column":38}},"78":{"start":{"line":284,"column":2},"end":{"line":284,"column":47}},"79":{"start":{"line":285,"column":2},"end":{"line":285,"column":27}},"80":{"start":{"line":287,"column":2},"end":{"line":293,"column":16}},"81":{"start":{"line":288,"column":4},"end":{"line":288,"column":29}},"82":{"start":{"line":289,"column":4},"end":{"line":292,"column":13}},"83":{"start":{"line":296,"column":2},"end":{"line":296,"column":22}},"84":{"start":{"line":297,"column":2},"end":{"line":300,"column":18}},"85":{"start":{"line":302,"column":2},"end":{"line":302,"column":12}},"86":{"start":{"line":305,"column":0},"end":{"line":307,"column":1}},"87":{"start":{"line":306,"column":2},"end":{"line":306,"column":38}},"88":{"start":{"line":321,"column":0},"end":{"line":339,"column":2}},"89":{"start":{"line":322,"column":2},"end":{"line":322,"column":12}},"90":{"start":{"line":327,"column":2},"end":{"line":336,"column":3}},"91":{"start":{"line":328,"column":4},"end":{"line":331,"column":5}},"92":{"start":{"line":329,"column":6},"end":{"line":329,"column":80}},"93":{"start":{"line":330,"column":6},"end":{"line":330,"column":31}},"94":{"start":{"line":332,"column":4},"end":{"line":334,"column":5}},"95":{"start":{"line":333,"column":6},"end":{"line":333,"column":32}},"96":{"start":{"line":335,"column":4},"end":{"line":335,"column":22}},"97":{"start":{"line":337,"column":2},"end":{"line":337,"column":39}},"98":{"start":{"line":338,"column":2},"end":{"line":338,"column":25}},"99":{"start":{"line":354,"column":0},"end":{"line":365,"column":2}},"100":{"start":{"line":355,"column":2},"end":{"line":355,"column":21}},"101":{"start":{"line":356,"column":2},"end":{"line":356,"column":21}},"102":{"start":{"line":360,"column":2},"end":{"line":362,"column":3}},"103":{"start":{"line":361,"column":4},"end":{"line":361,"column":49}},"104":{"start":{"line":364,"column":2},"end":{"line":364,"column":43}},"105":{"start":{"line":380,"column":0},"end":{"line":413,"column":2}},"106":{"start":{"line":381,"column":2},"end":{"line":381,"column":30}},"107":{"start":{"line":382,"column":2},"end":{"line":382,"column":43}},"108":{"start":{"line":383,"column":2},"end":{"line":383,"column":34}},"109":{"start":{"line":384,"column":2},"end":{"line":384,"column":11}},"110":{"start":{"line":386,"column":2},"end":{"line":410,"column":3}},"111":{"start":{"line":387,"column":4},"end":{"line":387,"column":24}},"112":{"start":{"line":391,"column":4},"end":{"line":404,"column":5}},"113":{"start":{"line":393,"column":6},"end":{"line":399,"column":7}},"114":{"start":{"line":394,"column":8},"end":{"line":394,"column":86}},"115":{"start":{"line":398,"column":8},"end":{"line":398,"column":61}},"116":{"start":{"line":403,"column":6},"end":{"line":403,"column":44}},"117":{"start":{"line":406,"column":4},"end":{"line":406,"column":29}},"118":{"start":{"line":409,"column":4},"end":{"line":409,"column":14}},"119":{"start":{"line":412,"column":2},"end":{"line":412,"column":40}},"120":{"start":{"line":420,"column":0},"end":{"line":422,"column":2}},"121":{"start":{"line":421,"column":2},"end":{"line":421,"column":24}},"122":{"start":{"line":424,"column":0},"end":{"line":456,"column":1}},"123":{"start":{"line":425,"column":2},"end":{"line":425,"column":20}},"124":{"start":{"line":426,"column":2},"end":{"line":426,"column":19}},"125":{"start":{"line":427,"column":2},"end":{"line":427,"column":27}},"126":{"start":{"line":428,"column":2},"end":{"line":428,"column":19}},"127":{"start":{"line":429,"column":2},"end":{"line":429,"column":24}},"128":{"start":{"line":430,"column":2},"end":{"line":430,"column":23}},"129":{"start":{"line":431,"column":2},"end":{"line":431,"column":19}},"130":{"start":{"line":432,"column":2},"end":{"line":432,"column":25}},"131":{"start":{"line":433,"column":2},"end":{"line":433,"column":40}},"132":{"start":{"line":434,"column":2},"end":{"line":434,"column":58}},"133":{"start":{"line":435,"column":2},"end":{"line":435,"column":53}},"134":{"start":{"line":436,"column":2},"end":{"line":436,"column":31}},"135":{"start":{"line":437,"column":2},"end":{"line":437,"column":35}},"136":{"start":{"line":438,"column":2},"end":{"line":438,"column":80}},"137":{"start":{"line":439,"column":2},"end":{"line":439,"column":40}},"138":{"start":{"line":440,"column":2},"end":{"line":440,"column":33}},"139":{"start":{"line":441,"column":2},"end":{"line":441,"column":38}},"140":{"start":{"line":442,"column":2},"end":{"line":442,"column":43}},"141":{"start":{"line":443,"column":2},"end":{"line":443,"column":27}},"142":{"start":{"line":444,"column":2},"end":{"line":444,"column":85}},"143":{"start":{"line":446,"column":2},"end":{"line":451,"column":3}},"144":{"start":{"line":447,"column":4},"end":{"line":447,"column":26}},"145":{"start":{"line":450,"column":4},"end":{"line":450,"column":73}},"146":{"start":{"line":453,"column":2},"end":{"line":453,"column":22}},"147":{"start":{"line":455,"column":2},"end":{"line":455,"column":34}},"148":{"start":{"line":458,"column":0},"end":{"line":464,"column":2}},"149":{"start":{"line":466,"column":0},"end":{"line":776,"column":2}},"150":{"start":{"line":468,"column":4},"end":{"line":468,"column":28}},"151":{"start":{"line":469,"column":4},"end":{"line":469,"column":61}},"152":{"start":{"line":470,"column":4},"end":{"line":470,"column":35}},"153":{"start":{"line":471,"column":4},"end":{"line":471,"column":27}},"154":{"start":{"line":475,"column":4},"end":{"line":475,"column":12}},"155":{"start":{"line":476,"column":4},"end":{"line":476,"column":11}},"156":{"start":{"line":477,"column":4},"end":{"line":477,"column":25}},"157":{"start":{"line":478,"column":4},"end":{"line":478,"column":23}},"158":{"start":{"line":479,"column":4},"end":{"line":479,"column":22}},"159":{"start":{"line":480,"column":4},"end":{"line":480,"column":39}},"160":{"start":{"line":482,"column":4},"end":{"line":491,"column":5}},"161":{"start":{"line":483,"column":6},"end":{"line":483,"column":28}},"162":{"start":{"line":484,"column":6},"end":{"line":484,"column":90}},"163":{"start":{"line":485,"column":6},"end":{"line":488,"column":7}},"164":{"start":{"line":486,"column":8},"end":{"line":486,"column":72}},"165":{"start":{"line":487,"column":8},"end":{"line":487,"column":33}},"166":{"start":{"line":489,"column":6},"end":{"line":489,"column":55}},"167":{"start":{"line":490,"column":6},"end":{"line":490,"column":55}},"168":{"start":{"line":493,"column":4},"end":{"line":506,"column":5}},"169":{"start":{"line":494,"column":6},"end":{"line":502,"column":23}},"170":{"start":{"line":505,"column":6},"end":{"line":505,"column":24}},"171":{"start":{"line":508,"column":4},"end":{"line":510,"column":5}},"172":{"start":{"line":509,"column":6},"end":{"line":509,"column":23}},"173":{"start":{"line":512,"column":4},"end":{"line":517,"column":5}},"174":{"start":{"line":513,"column":6},"end":{"line":513,"column":79}},"175":{"start":{"line":514,"column":6},"end":{"line":516,"column":7}},"176":{"start":{"line":515,"column":8},"end":{"line":515,"column":78}},"177":{"start":{"line":519,"column":4},"end":{"line":521,"column":5}},"178":{"start":{"line":520,"column":6},"end":{"line":520,"column":36}},"179":{"start":{"line":523,"column":4},"end":{"line":537,"column":5}},"180":{"start":{"line":524,"column":6},"end":{"line":524,"column":79}},"181":{"start":{"line":528,"column":6},"end":{"line":535,"column":7}},"182":{"start":{"line":529,"column":8},"end":{"line":531,"column":9}},"183":{"start":{"line":530,"column":10},"end":{"line":530,"column":46}},"184":{"start":{"line":532,"column":8},"end":{"line":532,"column":48}},"185":{"start":{"line":533,"column":8},"end":{"line":533,"column":90}},"186":{"start":{"line":534,"column":8},"end":{"line":534,"column":59}},"187":{"start":{"line":536,"column":6},"end":{"line":536,"column":14}},"188":{"start":{"line":539,"column":4},"end":{"line":542,"column":5}},"189":{"start":{"line":540,"column":6},"end":{"line":540,"column":42}},"190":{"start":{"line":541,"column":6},"end":{"line":541,"column":16}},"191":{"start":{"line":547,"column":4},"end":{"line":556,"column":6}},"192":{"start":{"line":548,"column":6},"end":{"line":554,"column":8}},"193":{"start":{"line":549,"column":8},"end":{"line":549,"column":44}},"194":{"start":{"line":550,"column":8},"end":{"line":552,"column":9}},"195":{"start":{"line":551,"column":10},"end":{"line":551,"column":48}},"196":{"start":{"line":553,"column":8},"end":{"line":553,"column":42}},"197":{"start":{"line":555,"column":6},"end":{"line":555,"column":78}},"198":{"start":{"line":557,"column":4},"end":{"line":557,"column":48}},"199":{"start":{"line":558,"column":4},"end":{"line":558,"column":22}},"200":{"start":{"line":562,"column":4},"end":{"line":562,"column":25}},"201":{"start":{"line":564,"column":4},"end":{"line":569,"column":5}},"202":{"start":{"line":567,"column":6},"end":{"line":568,"column":72}},"203":{"start":{"line":572,"column":4},"end":{"line":573,"column":84}},"204":{"start":{"line":575,"column":4},"end":{"line":575,"column":20}},"205":{"start":{"line":576,"column":4},"end":{"line":576,"column":43}},"206":{"start":{"line":577,"column":4},"end":{"line":577,"column":32}},"207":{"start":{"line":579,"column":4},"end":{"line":629,"column":5}},"208":{"start":{"line":580,"column":6},"end":{"line":628,"column":9}},"209":{"start":{"line":581,"column":8},"end":{"line":581,"column":20}},"210":{"start":{"line":582,"column":8},"end":{"line":582,"column":20}},"211":{"start":{"line":583,"column":8},"end":{"line":583,"column":20}},"212":{"start":{"line":584,"column":8},"end":{"line":584,"column":24}},"213":{"start":{"line":585,"column":8},"end":{"line":585,"column":23}},"214":{"start":{"line":586,"column":8},"end":{"line":586,"column":23}},"215":{"start":{"line":591,"column":8},"end":{"line":597,"column":9}},"216":{"start":{"line":593,"column":10},"end":{"line":593,"column":39}},"217":{"start":{"line":594,"column":10},"end":{"line":596,"column":11}},"218":{"start":{"line":595,"column":12},"end":{"line":595,"column":85}},"219":{"start":{"line":599,"column":8},"end":{"line":626,"column":9}},"220":{"start":{"line":600,"column":10},"end":{"line":600,"column":39}},"221":{"start":{"line":602,"column":10},"end":{"line":625,"column":11}},"222":{"start":{"line":603,"column":12},"end":{"line":603,"column":59}},"223":{"start":{"line":604,"column":12},"end":{"line":604,"column":64}},"224":{"start":{"line":605,"column":12},"end":{"line":620,"column":13}},"225":{"start":{"line":606,"column":14},"end":{"line":616,"column":49}},"226":{"start":{"line":618,"column":14},"end":{"line":619,"column":47}},"227":{"start":{"line":621,"column":12},"end":{"line":621,"column":38}},"228":{"start":{"line":622,"column":12},"end":{"line":623,"column":39}},"229":{"start":{"line":624,"column":12},"end":{"line":624,"column":19}},"230":{"start":{"line":627,"column":8},"end":{"line":627,"column":28}},"231":{"start":{"line":634,"column":4},"end":{"line":634,"column":32}},"232":{"start":{"line":635,"column":4},"end":{"line":635,"column":25}},"233":{"start":{"line":636,"column":4},"end":{"line":636,"column":31}},"234":{"start":{"line":637,"column":4},"end":{"line":637,"column":17}},"235":{"start":{"line":638,"column":4},"end":{"line":638,"column":17}},"236":{"start":{"line":640,"column":4},"end":{"line":651,"column":5}},"237":{"start":{"line":641,"column":6},"end":{"line":641,"column":30}},"238":{"start":{"line":643,"column":6},"end":{"line":646,"column":7}},"239":{"start":{"line":644,"column":8},"end":{"line":644,"column":45}},"240":{"start":{"line":645,"column":8},"end":{"line":645,"column":34}},"241":{"start":{"line":648,"column":6},"end":{"line":648,"column":26}},"242":{"start":{"line":649,"column":6},"end":{"line":649,"column":40}},"243":{"start":{"line":650,"column":6},"end":{"line":650,"column":29}},"244":{"start":{"line":653,"column":4},"end":{"line":655,"column":5}},"245":{"start":{"line":654,"column":6},"end":{"line":654,"column":20}},"246":{"start":{"line":657,"column":4},"end":{"line":657,"column":15}},"247":{"start":{"line":661,"column":4},"end":{"line":661,"column":20}},"248":{"start":{"line":662,"column":4},"end":{"line":662,"column":32}},"249":{"start":{"line":663,"column":4},"end":{"line":663,"column":25}},"250":{"start":{"line":665,"column":4},"end":{"line":695,"column":5}},"251":{"start":{"line":666,"column":6},"end":{"line":679,"column":7}},"252":{"start":{"line":672,"column":8},"end":{"line":672,"column":51}},"253":{"start":{"line":673,"column":8},"end":{"line":673,"column":30}},"254":{"start":{"line":675,"column":11},"end":{"line":679,"column":7}},"255":{"start":{"line":678,"column":8},"end":{"line":678,"column":39}},"256":{"start":{"line":680,"column":6},"end":{"line":682,"column":7}},"257":{"start":{"line":681,"column":8},"end":{"line":681,"column":15}},"258":{"start":{"line":685,"column":6},"end":{"line":685,"column":41}},"259":{"start":{"line":688,"column":6},"end":{"line":688,"column":40}},"260":{"start":{"line":689,"column":6},"end":{"line":689,"column":40}},"261":{"start":{"line":693,"column":6},"end":{"line":693,"column":39}},"262":{"start":{"line":694,"column":6},"end":{"line":694,"column":61}},"263":{"start":{"line":697,"column":4},"end":{"line":697,"column":49}},"264":{"start":{"line":699,"column":4},"end":{"line":769,"column":5}},"265":{"start":{"line":702,"column":6},"end":{"line":702,"column":38}},"266":{"start":{"line":703,"column":6},"end":{"line":703,"column":12}},"267":{"start":{"line":705,"column":6},"end":{"line":705,"column":41}},"268":{"start":{"line":706,"column":6},"end":{"line":706,"column":12}},"269":{"start":{"line":708,"column":6},"end":{"line":708,"column":37}},"270":{"start":{"line":709,"column":6},"end":{"line":709,"column":12}},"271":{"start":{"line":711,"column":6},"end":{"line":711,"column":41}},"272":{"start":{"line":712,"column":6},"end":{"line":712,"column":12}},"273":{"start":{"line":714,"column":6},"end":{"line":714,"column":41}},"274":{"start":{"line":715,"column":6},"end":{"line":715,"column":91}},"275":{"start":{"line":716,"column":6},"end":{"line":716,"column":12}},"276":{"start":{"line":718,"column":6},"end":{"line":718,"column":41}},"277":{"start":{"line":719,"column":6},"end":{"line":719,"column":91}},"278":{"start":{"line":720,"column":6},"end":{"line":720,"column":12}},"279":{"start":{"line":724,"column":6},"end":{"line":726,"column":7}},"280":{"start":{"line":725,"column":8},"end":{"line":725,"column":21}},"281":{"start":{"line":728,"column":6},"end":{"line":728,"column":23}},"282":{"start":{"line":729,"column":6},"end":{"line":729,"column":73}},"283":{"start":{"line":730,"column":6},"end":{"line":730,"column":12}},"284":{"start":{"line":733,"column":6},"end":{"line":768,"column":7}},"285":{"start":{"line":735,"column":8},"end":{"line":742,"column":9}},"286":{"start":{"line":739,"column":10},"end":{"line":741,"column":11}},"287":{"start":{"line":740,"column":12},"end":{"line":740,"column":25}},"288":{"start":{"line":743,"column":8},"end":{"line":763,"column":9}},"289":{"start":{"line":746,"column":10},"end":{"line":746,"column":48}},"290":{"start":{"line":747,"column":10},"end":{"line":747,"column":16}},"291":{"start":{"line":750,"column":10},"end":{"line":750,"column":84}},"292":{"start":{"line":751,"column":10},"end":{"line":751,"column":16}},"293":{"start":{"line":754,"column":10},"end":{"line":754,"column":74}},"294":{"start":{"line":755,"column":10},"end":{"line":755,"column":16}},"295":{"start":{"line":758,"column":10},"end":{"line":758,"column":16}},"296":{"start":{"line":761,"column":10},"end":{"line":761,"column":23}},"297":{"start":{"line":762,"column":10},"end":{"line":762,"column":16}},"298":{"start":{"line":767,"column":8},"end":{"line":767,"column":21}},"299":{"start":{"line":771,"column":4},"end":{"line":774,"column":5}},"300":{"start":{"line":772,"column":6},"end":{"line":772,"column":39}},"301":{"start":{"line":773,"column":6},"end":{"line":773,"column":65}},"302":{"start":{"line":790,"column":0},"end":{"line":790,"column":36}},"303":{"start":{"line":801,"column":0},"end":{"line":801,"column":39}},"304":{"start":{"line":805,"column":0},"end":{"line":816,"column":1}},"305":{"start":{"line":806,"column":2},"end":{"line":815,"column":4}},"306":{"start":{"line":807,"column":4},"end":{"line":807,"column":70}},"307":{"start":{"line":808,"column":4},"end":{"line":811,"column":6}},"308":{"start":{"line":812,"column":4},"end":{"line":812,"column":51}},"309":{"start":{"line":813,"column":4},"end":{"line":813,"column":48}},"310":{"start":{"line":814,"column":4},"end":{"line":814,"column":73}},"311":{"start":{"line":826,"column":0},"end":{"line":826,"column":34}},"312":{"start":{"line":836,"column":0},"end":{"line":836,"column":21}},"313":{"start":{"line":839,"column":0},"end":{"line":841,"column":1}},"314":{"start":{"line":840,"column":2},"end":{"line":840,"column":23},"skip":true}},"branchMap":{"1":{"line":109,"type":"cond-expr","locations":[{"start":{"line":109,"column":36},"end":{"line":109,"column":44}},{"start":{"line":109,"column":47},"end":{"line":109,"column":64}}]},"2":{"line":111,"type":"if","locations":[{"start":{"line":111,"column":2},"end":{"line":111,"column":2}},{"start":{"line":111,"column":2},"end":{"line":111,"column":2}}]},"3":{"line":126,"type":"if","locations":[{"start":{"line":126,"column":2},"end":{"line":126,"column":2}},{"start":{"line":126,"column":2},"end":{"line":126,"column":2}}]},"4":{"line":127,"type":"binary-expr","locations":[{"start":{"line":127,"column":66},"end":{"line":127,"column":78}},{"start":{"line":127,"column":82},"end":{"line":127,"column":85}}]},"5":{"line":130,"type":"if","locations":[{"start":{"line":130,"column":4},"end":{"line":130,"column":4}},{"start":{"line":130,"column":4},"end":{"line":130,"column":4}}]},"6":{"line":161,"type":"if","locations":[{"start":{"line":161,"column":2},"end":{"line":161,"column":2}},{"start":{"line":161,"column":2},"end":{"line":161,"column":2}}]},"7":{"line":162,"type":"if","locations":[{"start":{"line":162,"column":4},"end":{"line":162,"column":4}},{"start":{"line":162,"column":4},"end":{"line":162,"column":4}}]},"8":{"line":166,"type":"if","locations":[{"start":{"line":166,"column":4},"end":{"line":166,"column":4}},{"start":{"line":166,"column":4},"end":{"line":166,"column":4}}]},"9":{"line":169,"type":"if","locations":[{"start":{"line":169,"column":4},"end":{"line":169,"column":4}},{"start":{"line":169,"column":4},"end":{"line":169,"column":4}}]},"10":{"line":173,"type":"if","locations":[{"start":{"line":173,"column":7},"end":{"line":173,"column":7}},{"start":{"line":173,"column":7},"end":{"line":173,"column":7}}]},"11":{"line":175,"type":"if","locations":[{"start":{"line":175,"column":4},"end":{"line":175,"column":4},"skip":true},{"start":{"line":175,"column":4},"end":{"line":175,"column":4}}]},"12":{"line":182,"type":"if","locations":[{"start":{"line":182,"column":2},"end":{"line":182,"column":2}},{"start":{"line":182,"column":2},"end":{"line":182,"column":2}}]},"13":{"line":289,"type":"cond-expr","locations":[{"start":{"line":289,"column":29},"end":{"line":289,"column":35}},{"start":{"line":289,"column":38},"end":{"line":289,"column":44}}]},"14":{"line":297,"type":"binary-expr","locations":[{"start":{"line":297,"column":17},"end":{"line":297,"column":25}},{"start":{"line":297
[...]
e as `^` and `$` operators don't","      // work well with `\\r`.","      this.templateText =","        this.templateText.replace(/\\r/g, '').replace(/^\\s+|\\s+$/gm, '');","    }","","    // Slurp spaces and tabs before <%_ and after _%>","    this.templateText =","      this.templateText.replace(/[ \\t]*<%_/gm, '<%_').replace(/_%>[ \\t]*/gm, '_%>');","","    var self = this;","    var matches = this.parseTemplateText();","    var d = this.opts.delimiter;","","    if (matches && matches.length) {","      matches.forEach(function (line, index) {","        var opening;","        var closing;","        var include;","        var includeOpts;","        var includeObj;","        var includeSrc;","        // If this is an opening tag, check for closing tags","        // FIXME: May end up with some false positives here","        // Better to store modes as k/v with '<' + delimiter as key","        // Then this can simply check against the map","        if ( line.indexOf('<' + d) === 0        // If it is a tag","          && line.indexOf('<' + d + d) !== 0) { // and is not escaped","          closing = matches[index + 2];","          if (!(closing == d + '>' || closing == '-' + d + '>' || closing == '_' + d + '>')) {","            throw new Error('Could not find matching close tag for \"' + line + '\".');","          }","        }","        // HACK: backward-compat `include` preprocessor directives","        if ((include = line.match(/^\\s*include\\s+(\\S+)/))) {","          opening = matches[index - 1];","          // Must be in EVAL or RAW mode","          if (opening && (opening == '<' + d || opening == '<' + d + '-' || opening == '<' + d + '_')) {","            includeOpts = utils.shallowCopy({}, self.opts);","            includeObj = includeSource(include[1], includeOpts);","            if (self.opts.compileDebug) {","              includeSrc =","                  '    ; (function(){' + '\\n'","                  + '      var __line = 1' + '\\n'","                  + '      , __lines = ' + JSON.stringify(includeObj.template) + '\\n'","                  + '      , __filename = ' + JSON.stringify(includeObj.filename) + ';' + '\\n'","                  + '      try {' + '\\n'","                  + includeObj.source","                  + '      } catch (e) {' + '\\n'","                  + '        rethrow(e, __lines, __filename, __line);' + '\\n'","                  + '      }' + '\\n'","                  + '    ; }).call(this)' + '\\n';","            }else{","              includeSrc = '    ; (function(){' + '\\n' + includeObj.source +","                  '    ; }).call(this)' + '\\n';","            }","            self.source += includeSrc;","            self.dependencies.push(exports.resolveInclude(include[1],","                includeOpts.filename));","            return;","          }","        }","        self.scanLine(line);","      });","    }","","  },","","  parseTemplateText: function () {","    var str = this.templateText;","    var pat = this.regex;","    var result = pat.exec(str);","    var arr = [];","    var firstPos;","","    while (result) {","      firstPos = result.index;","","      if (firstPos !== 0) {","        arr.push(str.substring(0, firstPos));","        str = str.slice(firstPos);","      }","","      arr.push(result[0]);","      str = str.slice(result[0].length);","      result = pat.exec(str);","    }","","    if (str) {","      arr.push(str);","    }","","    return arr;","  },","","  scanLine: function (line) {","    var self = this;","    var d = this.opts.delimiter;","    var newLineCount = 0;","","    function _addOutput() {","      if (self.truncate) {","        // Only replace single leading linebreak in the line after","        // -%> tag -- this is the single, trailing linebreak","        // after the tag that the truncation mode replaces","        // Handle Win / Unix / old Mac linebreaks -- do the \\r\\n","        // combo first in the regex-or","        line = line.replace(/^(?:\\r\\n|\\r|\\n)/, '');","        self.truncate = false;","      }","      else if (self.opts.rmWhitespace) {","        // rmWhitespace has already removed trailing spaces, just need","        // to remove linebreaks","        line = line.replace(/^\\n/, '');","      }","      if (!line) {","        return;","      }","","      // Preserve literal slashes","      line = line.replace(/\\\\/g, '\\\\\\\\');","","      // Convert linebreaks","      line = line.replace(/\\n/g, '\\\\n');","      line = line.replace(/\\r/g, '\\\\r');","","      // Escape double-quotes","      // - this will be the delimiter during execution","      line = line.replace(/\"/g, '\\\\\"');","      self.source += '    ; __append(\"' + line + '\")' + '\\n';","    }","","    newLineCount = (line.split('\\n').length - 1);","","    switch (line) {","    case '<' + d:","    case '<' + d + '_':","      this.mode = Template.modes.EVAL;","      break;","    case '<' + d + '=':","      this.mode = Template.modes.ESCAPED;","      break;","    case '<' + d + '-':","      this.mode = Template.modes.RAW;","      break;","    case '<' + d + '#':","      this.mode = Template.modes.COMMENT;","      break;","    case '<' + d + d:","      this.mode = Template.modes.LITERAL;","      this.source += '    ; __append(\"' + line.replace('<' + d + d, '<' + d) + '\")' + '\\n';","      break;","    case d + d + '>':","      this.mode = Template.modes.LITERAL;","      this.source += '    ; __append(\"' + line.replace(d + d + '>', d + '>') + '\")' + '\\n';","      break;","    case d + '>':","    case '-' + d + '>':","    case '_' + d + '>':","      if (this.mode == Template.modes.LITERAL) {","        _addOutput();","      }","","      this.mode = null;","      this.truncate = line.indexOf('-') === 0 || line.indexOf('_') === 0;","      break;","    default:","        // In script mode, depends on type of tag","      if (this.mode) {","          // If '//' is found without a line break, add a line break.","        switch (this.mode) {","        case Template.modes.EVAL:","        case Template.modes.ESCAPED:","        case Template.modes.RAW:","          if (line.lastIndexOf('//') > line.lastIndexOf('\\n')) {","            line += '\\n';","          }","        }","        switch (this.mode) {","            // Just executing code","        case Template.modes.EVAL:","          this.source += '    ; ' + line + '\\n';","          break;","            // Exec, esc, and output","        case Template.modes.ESCAPED:","          this.source += '    ; __append(escapeFn(' + stripSemi(line) + '))' + '\\n';","          break;","            // Exec and output","        case Template.modes.RAW:","          this.source += '    ; __append(' + stripSemi(line) + ')' + '\\n';","          break;","        case Template.modes.COMMENT:","              // Do nothing","          break;","            // Literal <%% mode, append as raw output","        case Template.modes.LITERAL:","          _addOutput();","          break;","        }","      }","        // In string mode, just add the output","      else {","        _addOutput();","      }","    }","","    if (self.opts.compileDebug && newLineCount) {","      this.currentLine += newLineCount;","      this.source += '    ; __line = ' + this.currentLine + '\\n';","    }","  }","};","","/**"," * Escape characters reserved in XML."," *"," * This is simply an export of {@link module:utils.escapeXML}."," *"," * If `markup` is `undefined` or `null`, the empty string is returned."," *"," * @param {String} markup Input string"," * @return {String} Escaped string"," * @public"," * @func"," * */","exports.escapeXML = utils.escapeXML;","","/**"," * Express.js support."," *"," * This is an alias for {@link module:ejs.renderFile}, in order to support"," * Express.js out-of-the-box."," *"," * @func"," */","","exports.__express = exports.renderFile;","","// Add require support","/* istanbul ignore else */","if (require.extensions) {","  require.extensions['.ejs'] = function (module, flnm) {","    var filename = flnm || /* istanbul ignore next */ module.filename;","    var options = {","      filename: filename,","      client: true","    };","    var template = fileLoader(filename).toString();","    var fn = exports.compile(template, options);","    module._compile('module.exports = ' + fn.toString() + ';', filename);","  };","}","","/**"," * Version of EJS."," *"," * @readonly"," * @type {String}"," * @public"," */","","exports.VERSION = _VERSION_STRING;","","/**"," * Name for detection of EJS."," *"," * @readonly"," * @type {String}"," * @public"," */","","exports.name = _NAME;","","/* istanbul ignore if */","if (typeof window != 'undefined') {","  window.ejs = exports;","}",""],"l":{"47":1,"48":1,"49":1,"51":1,"52":1,"53":1,"54":1,"55":1,"56":1,"57":1,"62":1,"63":1,"73":1,"82":1,"94":1,"105":1,"106":0,"107":0,"108":0,"109":0,"110":0,"111":0,"112":0,"114":0,"124":1,"125":0,"126":0,"127":0,"130":0,"131":0,"133":0,"135":0,"156":1,"157":0,"158":0,"159":0,"161":0,"162":0,"163":0,"165":0,"166":0,"167":0,"169":0,"170":0,"173":0,"175":0,"176":1,"179":0,"181":0,"182":0,"183":0,"185":0,"200":1,"201":0,"202":0,"203":0,"206":0,"208":0,"219":1,"220":0,"236":1,"237":0,"238":0,"239":0,"252":1,"253":0,"254":0,"255":0,"256":0,"257":0,"258":0,"259":0,"260":0,"261":0,"281":1,"282":0,"283":0,"284":0,"285":0,"287":0,"288":0,"289":0,"296":0,"297":0,"302":0,"305":1,"306":0,"321":1,"322":0,"327":0,"328":0,"329":0,"330":0,"332":0,"333":0,"335":0,"337":0,"338":0,"354":1,"355":0,"356":0,"360":0,"361":0,"364":0,"380":1,"381":0,"382":0,"383":0,"384":0,"386":0,"387":0,"391":0,"393":0,"394":0,"398":0,"403":0,"406":0,"409":0,"412":0,"420":1,"421":0,"424":1,"425":0,"426":0,"427":0,"428":0,"429":0,"430":0,"431":0,"432":0,"433":0,"434":0,"435":0,"436":0,"437":0,"438":0,"439":0,"440":0,"441":0,"442":0,"443":0,"444":0,"446":0,"447":0,"450":0,"453":0,"455":0,"458":1,"466":1,"468":0,"469":0,"470":0,"471":0,"475":0,"476":0,"477":0,"478":0,"479":0,"480":0,"482":0,"483":0,"484":0,"485":0,"486":0,"487":0,"489":0,"490":0,"493":0,"494":0,"505":0,"508":0,"509":0,"512":0,"513":0,"514":0,"515":0,"519":0,"520":0,"523":0,"524":0,"528":0,"529":0,"530":0,"532":0,"533":0,"534":0,"536":0,"539":0,"540":0,"541":0,"547":0,"548":0,"549":0,"550":0,"551":0,"553":0,"555":0,"557":0,"558":0,"562":0,"564":0,"567":0,"572":0,"575":0,"576":0,"577":0,"579":0,"580":0,"581":0,"582":0,"583":0,"584":0,"585":0,"586":0,"591":0,"593":0,"594":0,"595":0,"599":0,"600":0,"602":0,"603":0,"604":0,"605":0,"606":0,"618":0,"621":0,"622":0,"624":0,"627":0,"634":0,"635":0,"636":0,"637":0,"638":0,"640":0,"641":0,"643":0,"644":0,"645":0,"648":0,"649":0,"650":0,"653":0,"654":0,"657":0,"661":0,"662":0,"663":0,"665":1,"666":0,"672":0,"673":0,"675":0,"678":0,"680":0,"681":0,"685":0,"688":0,"689":0,"693":0,"694":0,"697":0,"699":0,"702":0,"703":0,"705":0,"706":0,"708":0,"709":0,"711":0,"712":0,"714":0,"715":0,"716":0,"718":0,"719":0,"720":0,"724":0,"725":0,"728":0,"729":0,"730":0,"733":0,"735":0,"739":0,"740":0,"743":0,"746":0,"747":0,"750":0,"751":0,"754":0,"755":0,"758":0,"761":0,"762":0,"767":0,"771":0,"772":0,"773":0,"790":1,"801":1,"805":1,"806":1,"807":0,"808":0,"812":0,"813":0,"814":0,"826":1,"836":1,"839":1,"840":1}},"/home/travis/build/npmtest/node-npmtest-ejs/ejs/lib/utils.js":{"path":"/home/travis/build/npmtest/node-npmtest-ejs/ejs/lib/utils.js","s":{"1":1,"2":1,"3":0,"4":0,"5":0,"6":1,"7":1,"8":1,"9":0,"10":1,"11":1,"12":0,"13":1,"14":0,"15":1,"16":0,"17":0,"18":0,"19":0,"20":1,"21":0,"22":0,"23":0,"24":0,"25":0,"26":1,"27":0,"28":0,"29":0},"b":{"1":[0,0],"2":[0,0],"3":[0,0],"4":[0,0],"5":[0,0]},"f":{"1":0,"2":0,"3":0,"4":0,"5":0,"6":0,"7":0,"8":0,"9":0},"fnMap":{"1":{"name":"(anonymous_1)","line":39,"loc":{"start":{"line":39,"column":28},"end":{"line":39,"column":46}}},"2":{"name":"encode_char","line":56,"loc":{"start":{"line":56,"column":0},"end":{"line":56,"column":24}}},"3":{"name":"(anonymous_3)","line":94,"loc":{"start":{"line":94,"column":20},"end":{"line":94,"column":38}}},"4":{"name":"(anonymous_4)","line":100,"loc":{"start":{"line":100,"column":29},"end":{"line":100,"column":41}}},"5":{"name":"(anonymous_5)","line":115,"loc":{"start":{"line":115,"column":22},"end":{"line":115,"column":42}}},"6":{"name":"(anonymous_6)","line":135,"loc":{"start":{"line":135,"column":30},"end":{"line":135,"column":56}}},"7":{"name":"(anonymous_7)","line":155,"loc":{"start":{"line":155,"column":7},"end":{"line":155,"column":27}}},"8":{"name":"(anonymous_8)","line":158,"loc":{"start":{"line":158,"column":7},"end":{"line":158,"column":22}}},"9":{"name":"(anonymous_9)","line":161,"loc":{"start":{"line":161,"column":9},"end":{"line":161,"column":21}}}},"statementMap":{"1":{"start":{"line":27,"column":0},"end":{"line":27,"column":40}},"2":{"start":{"line":39,"column":0},"end":{"line":45,"column":2}},"3":{"start":{"line":41,"column":2},"end":{"line":43,"column":3}},"4":{"start":{"line":42,"column":4},"end":{"line":42,"column":14},"skip":true},"5":{"start":{"line":44,"column":2},"end":{"line":44,"column":53}},"6":{"start":{"line":47,"column":0},"end":{"line":53,"column":2}},"7":{"start":{"line":54,"column":0},"end":{"line":54,"column":30}},"8":{"start":{"line":56,"column":0},"end":{"line":58,"column":1}},"9":{"start":{"line":57,"column":2},"end":{"line":57,"column":36}},"10":{"start":{"line":69,"column":0},"end":{"line":80,"column":9}},"11":{"start":{"line":94,"column":0},"end":{"line":99,"column":2}},"12":{"start":{"line":95,"column":2},"end":{"line":98,"column":43}},"13":{"start":{"line":100,"column":0},"end":{"line":102,"column":2}},"14":{"start":{"line":101,"column":2},"end":{"line":101,"column":72}},"15":{"start":{"line":115,"column":0},"end":{"line":121,"column":2}},"16":{"start":{"line":116,"column":2},"end":{"line":116,"column":20}},"17":{"start":{"line":117,"column":2},"end":{"line":119,"column":3}},"18":{"start":{"line":118,"column":4},"end":{"line":118,"column":20}},"19":{"start":{"line":120,"column":2},"end":{"line":120,"column":12}},"20":{"start":{"line":135,"column":0},"end":{"line":143,"column":2}},"21":{"start":{"line":136,"column":2},"end":{"line":141,"column":3}},"22":{"start":{"line":137,"column":4},"end":{"line":137,"column":20}},"23":{"start":{"line":138,"column":4},"end":{"line":140,"column":5}},"24":{"start":{"line":139,"column":6},"end":{"line":139,"column":22}},"25":{"start":{"line":142,"column":2},"end":{"line":142,"column":12}},"26":{"start":{"line":153,"column":0},"end":{"line":164,"column":2}},"27":{"start":{"line":156,"column":4},"end":{"line":156,"column":26}},"28":{"start":{"line":159,"column":4},"end":{"line":159,"column":27}},"29":{"start":{"line":162,"column":4},"end":{"line":162,"column":20}}},"branchMap":{"1":{"line":41,"type":"if","locations":[{"start":{"line":41,"column":2},"end":{"line":41,"column":2},"skip":true},{"start":{"line":41,"column":2},"end":{"line":41,"column":2}}]},"2":{"line":57,"type":"binary-expr","locations":[{"start":{"line":57,"column":9},"end":{"line":57,"column":30}},{"start":{"line":57,"column":34},"end":{"line":57,"column":35}}]},"3":{"line":95,"type":"cond-expr","locations":[{"start":{"line":96,"column":6},"end":{"line":96,"column":8}},{"start":{"line":97,"column":6},"end":{"line":98,"column":42}}]},"4":{"line":116,"type":"binary-expr","locations":[{"start":{"line":116,"column":9},"end":{"line":116,"column":13}},{"start":{"line":116,"column":17},"end":{"line":116,"column":19}}]},"5":{"line":138,"type":"if","locations":[{"start":{"line":138,"column":4},"end":{"line":138,"column":4}},{"start":{"line":138,"column":4},"end":{"line":138,"column":4}}]}},"code":["/*"," * EJS Embedded JavaScript templates"," * Copyright 2112 Matthew Eernisse (mde@fleegix.org)"," *"," * Licensed under the Apache License, Version 2.0 (the \"License\");"," * you may not use this file except in compliance with the License."," * You may obtain a copy of the License at"," *"," *         http://www.apache.org/licenses/LICENSE-2.0"," *"," * Unless required by applicable law or agreed to in writing, software"," * distributed under the License is distributed on an \"AS IS\" BASIS,"," * WITHOUT WARRANTIES OR CONDITIONS OF ANY KIND, either express or implied."," * See the License for the specific language governing permissions and"," * limitations under the License."," *","*/","","/**"," * Private utility functions"," * @module utils"," * @private"," */","","'use strict';","","var regExpChars = /[|\\\\{}()[\\]^$+*?.]/g;","","/**"," * Escape characters reserved in regular expressions."," *"," * If `string` is `undefined` or `null`, the empty string is returned."," *"," * @param {String} string Input string"," * @return {String} Escaped string"," * @static"," * @private"," */","exports.escapeRegExpChars = function (string) {","  // istanbul ignore if","  if (!string) {","    return '';","  }","  return String(string).replace(regExpChars, '\\\\$&');","};","","var _ENCODE_HTML_RULES = {","  '&': '&amp;',","  '<': '&lt;',","  '>': '&gt;',","  '\"': '&#34;',","  \"'\": '&#39;'","};","var _MATCH_HTML = /[&<>\\'\"]/g;","","function encode_char(c) {","  return _ENCODE_HTML_RULES[c] || c;","}","","/**"," * Stringified version of constants used by {@link module:utils.escapeXML}."," *"," * It is used in the process of generating {@link ClientFunction}s."," *"," * @readonly"," * @type {String}"," */","","var escapeFuncStr =","  'var _ENCODE_HTML_RULES = {\\n'","+ '      \"&\": \"&amp;\"\\n'","+ '    , \"<\": \"&lt;\"\\n'","+ '    , \">\": \"&gt;\"\\n'","+ '    , \\'\"\\': \"&#34;\"\\n'","+ '    , \"\\'\": \"&#39;\"\\n'","+ '    }\\n'","+ '  , _MATCH_HTML = /[&<>\\'\"]/g;\\n'","+ 'function encode_char(c) {\\n'","+ '  return _ENCODE_HTML_RULES[c] || c;\\n'","+ '};\\n';","","/**"," * Escape characters reserved in XML."," *"," * If `markup` is `undefined` or `null`, the empty string is returned."," *"," * @implements {EscapeCallback}"," * @param {String} markup Input string"," * @return {String} Escaped string"," * @static"," * @private"," */","","exports.escapeXML = function (markup) {","  return markup == undefined","    ? ''","    : String(markup)","        .replace(_MATCH_HTML, encode_char);","};","exports.escapeXML.toString = function () {","  return Function.prototype.toString.call(this) + ';\\n' + escapeFuncStr;","};","","/**"," * Naive copy of properties from one object to another."," * Does not recurse into non-scalar properties"," * Does not check to see if the property has a value before copying"," *"," * @param  {Object} to   Destination object"," * @param  {Object} from Source object"," * @return {Object}      Destination object"," * @static"," * @private"," */","exports.shallowCopy = function (to, from) {","  from = from || {};","  for (var p in from) {","    to[p] = from[p];","  }","  return to;","};","","/**"," * Naive copy of a list of key names, from one object to another."," * Only copies property if it is actually defined"," * Does not recurse into non-scalar properties"," *"," * @param  {Object} to   Destination object"," * @param  {Object} from Source object"," * @param  {Array} list List of properties to copy"," * @return {Object}      Destination object"," * @static"," * @private"," */","exports.shallowCopyFromList = function (to, from, list) {","  for (var i = 0; i < list.length; i++) {","    var p = list[i];","    if (typeof from[p] != 'undefined') {","      to[p] = from[p];","    }","  }","  return to;","};","","/**"," * Simple in-process cache implementation. Does not implement limits of any"," * sort."," *"," * @implements Cache"," * @static"," * @private"," */","exports.cache = {","  _data: {},","  set: function (key, val) {","    this._data[key] = val;","  },","  get: function (key) {","    return this._data[key];","  },","  reset: function () {","    this._data = {};","  }","};",""],"l":{"27":1,"39":1,"41":0,"42":1,"44":0,"47":1,"54":1,"56":1,"57":0,"69":1,"94":1,"95":0,"100":1,"101":0,"115":1,"116":0,"117":0,"118":0,"120":0,"135":1,"136":0,"137":0,"138":0,"139":0,"142":0,"153":1,"156":0,"159":0,"162":0}}}